#
# There is insufficient memory for the Java Runtime Environment to continue.
# Native memory allocation (malloc) failed to allocate 32744 bytes for ChunkPool::allocate
# Possible reasons:
#   The system is out of physical RAM or swap space
#   In 32 bit mode, the process size limit was hit
# Possible solutions:
#   Reduce memory load on the system
#   Increase physical memory or swap space
#   Check if swap backing store is full
#   Use 64 bit Java on a 64 bit OS
#   Decrease Java heap size (-Xmx/-Xms)
#   Decrease number of Java threads
#   Decrease Java thread stack sizes (-Xss)
#   Set larger code cache with -XX:ReservedCodeCacheSize=
# This output file may be truncated or incomplete.
#
#  Out of Memory Error (allocation.cpp:273), pid=17232, tid=0x0000000000004bcc
#
# JRE version: Java(TM) SE Runtime Environment (8.0_191-b12) (build 1.8.0_191-b12)
# Java VM: Java HotSpot(TM) 64-Bit Server VM (25.191-b12 mixed mode windows-amd64 compressed oops)
# Failed to write core dump. Minidumps are not enabled by default on client versions of Windows
#

---------------  T H R E A D  ---------------

Current thread (0x0000000019eef800):  JavaThread "C2 CompilerThread2" daemon [_thread_in_native, id=19404, stack(0x000000001a7c0000,0x000000001a8c0000)]

Stack: [0x000000001a7c0000,0x000000001a8c0000]
[error occurred during error reporting (printing stack bounds), id 0xc0000005]

Native frames: (J=compiled Java code, j=interpreted, Vv=VM code, C=native code)


Current CompileTask:
C2:   8773 3045       4       org.aspectj.weaver.ReferenceType::isAssignableFrom (850 bytes)


---------------  P R O C E S S  ---------------

Java Threads: ( => current thread )
  0x0000000020db0800 JavaThread "Okio Watchdog" daemon [_thread_blocked, id=15720, stack(0x0000000020a60000,0x0000000020b60000)]
  0x0000000020db2000 JavaThread "OkHttp ConnectionPool" daemon [_thread_blocked, id=16736, stack(0x0000000021c60000,0x0000000021d60000)]
  0x000000001f62c800 JavaThread "Keep-Alive-Timer" daemon [_thread_blocked, id=1904, stack(0x0000000020760000,0x0000000020860000)]
  0x000000001e0f3800 JavaThread "Exec Stream Pumper" daemon [_thread_in_native, id=19416, stack(0x0000000020460000,0x0000000020560000)]
  0x000000001f3bd800 JavaThread "Exec Stream Pumper" daemon [_thread_in_native, id=16708, stack(0x0000000020360000,0x0000000020460000)]
  0x000000001ec8e800 JavaThread "UrlChecker-2" daemon [_thread_blocked, id=8976, stack(0x0000000020260000,0x0000000020360000)]
  0x000000001e44e000 JavaThread "Exec Default Executor" daemon [_thread_in_native, id=15692, stack(0x000000001fcf0000,0x000000001fdf0000)]
  0x000000001bb93800 JavaThread "ForkJoinPool.commonPool-worker-2" daemon [_thread_blocked, id=4100, stack(0x000000001d550000,0x000000001d650000)]
  0x000000001b4df000 JavaThread "ForkJoinPool.commonPool-worker-1" daemon [_thread_blocked, id=14860, stack(0x000000001bed0000,0x000000001bfd0000)]
  0x0000000019f20800 JavaThread "Service Thread" daemon [_thread_blocked, id=7576, stack(0x000000001a9c0000,0x000000001aac0000)]
  0x0000000019ef2000 JavaThread "C1 CompilerThread3" daemon [_thread_blocked, id=12152, stack(0x000000001a8c0000,0x000000001a9c0000)]
=>0x0000000019eef800 JavaThread "C2 CompilerThread2" daemon [_thread_in_native, id=19404, stack(0x000000001a7c0000,0x000000001a8c0000)]
  0x0000000019e91000 JavaThread "C2 CompilerThread1" daemon [_thread_in_native, id=8940, stack(0x000000001a6c0000,0x000000001a7c0000)]
  0x0000000019e90800 JavaThread "C2 CompilerThread0" daemon [_thread_in_native, id=1928, stack(0x000000001a5c0000,0x000000001a6c0000)]
  0x0000000019d38000 JavaThread "Monitor Ctrl-Break" daemon [_thread_in_native, id=2564, stack(0x000000001a4c0000,0x000000001a5c0000)]
  0x00000000175e9800 JavaThread "Attach Listener" daemon [_thread_blocked, id=17224, stack(0x0000000019bc0000,0x0000000019cc0000)]
  0x00000000193ee800 JavaThread "Signal Dispatcher" daemon [_thread_blocked, id=14744, stack(0x0000000019ac0000,0x0000000019bc0000)]
  0x00000000193d0800 JavaThread "Finalizer" daemon [_thread_blocked, id=17456, stack(0x00000000198b0000,0x00000000199b0000)]
  0x00000000175dd000 JavaThread "Reference Handler" daemon [_thread_blocked, id=13952, stack(0x00000000197b0000,0x00000000198b0000)]
  0x0000000002392000 JavaThread "Forwarding isElementDisplayed on session 564439c393a5fd31bb71f6c9edcb7383 to remote" [_thread_in_Java, id=16152, stack(0x0000000000a80000,0x0000000000b80000)]

Other Threads:
  0x000000000248e800 VMThread [stack: 0x00000000192b0000,0x00000000193b0000] [id=1764]
  0x0000000019fd0000 WatcherThread [stack: 0x000000001aac0000,0x000000001abc0000] [id=17960]

VM state:not at safepoint (normal execution)

VM Mutex/Monitor currently owned by a thread: None

Heap:
 PSYoungGen      total 148992K, used 123387K [0x00000000d5d80000, 0x00000000e0080000, 0x0000000100000000)
  eden space 132608K, 93% used [0x00000000d5d80000,0x00000000dd5fee48,0x00000000ddf00000)
  from space 16384K, 0% used [0x00000000def80000,0x00000000def80000,0x00000000dff80000)
  to   space 16896K, 0% used [0x00000000ddf00000,0x00000000ddf00000,0x00000000def80000)
 ParOldGen       total 87552K, used 27924K [0x0000000081800000, 0x0000000086d80000, 0x00000000d5d80000)
  object space 87552K, 31% used [0x0000000081800000,0x00000000833450e0,0x0000000086d80000)
 Metaspace       used 27048K, capacity 28142K, committed 28288K, reserved 1075200K
  class space    used 3157K, capacity 3431K, committed 3456K, reserved 1048576K

Card table byte_map: [0x0000000011a00000,0x0000000011e00000] byte_map_base: 0x00000000115f4000

Marking Bits: (ParMarkBitMap*) 0x0000000064613e30
 Begin Bits: [0x00000000128b0000, 0x0000000014850000)
 End Bits:   [0x0000000014850000, 0x00000000167f0000)

Polling page: 0x0000000000b80000

CodeCache: size=245760Kb used=13321Kb max_used=13321Kb free=232438Kb
 bounds [0x0000000002640000, 0x0000000003360000, 0x0000000011640000]
 total_blobs=3421 nmethods=2958 adapters=376
 compilation: enabled

Compilation events (10 events):
Event: 8.764 Thread 0x0000000019ef2000 nmethod 3079 0x00000000027f5490 code [0x00000000027f55e0, 0x00000000027f56f0]
Event: 8.764 Thread 0x0000000019ef2000 3080       3       java.lang.StringBuilder::length (5 bytes)
Event: 8.764 Thread 0x0000000019ef2000 nmethod 3080 0x00000000027fe290 code [0x00000000027fe3e0, 0x00000000027fe550]
Event: 8.764 Thread 0x0000000019ef2000 3081  s    3       java.lang.StringBuffer::append (15 bytes)
Event: 8.764 Thread 0x0000000019ef2000 nmethod 3081 0x00000000027f6f90 code [0x00000000027f7100, 0x00000000027f7428]
Event: 8.765 Thread 0x0000000019ef2000 3082       3       java.lang.StringBuilder::getChars (10 bytes)
Event: 8.765 Thread 0x0000000019ef2000 nmethod 3082 0x00000000027f6c10 code [0x00000000027f6d80, 0x00000000027f6f08]
Event: 8.765 Thread 0x0000000019ef2000 3083       3       java.lang.AbstractStringBuilder::append (50 bytes)
Event: 8.765 Thread 0x0000000019ef2000 nmethod 3083 0x0000000002777710 code [0x00000000027778e0, 0x0000000002778008]
Event: 8.765 Thread 0x0000000019ef2000 3085       3       java.util.regex.Matcher::appendReplacement (571 bytes)

GC Heap History (10 events):
Event: 2.167 GC heap before
{Heap before GC invocations=3 (full 0):
 PSYoungGen      total 38400K, used 38398K [0x00000000d5d80000, 0x00000000d8800000, 0x0000000100000000)
  eden space 33280K, 100% used [0x00000000d5d80000,0x00000000d7e00000,0x00000000d7e00000)
  from space 5120K, 99% used [0x00000000d8300000,0x00000000d87ffa28,0x00000000d8800000)
  to   space 5120K, 0% used [0x00000000d7e00000,0x00000000d7e00000,0x00000000d8300000)
 ParOldGen       total 87552K, used 2491K [0x0000000081800000, 0x0000000086d80000, 0x00000000d5d80000)
  object space 87552K, 2% used [0x0000000081800000,0x0000000081a6eda8,0x0000000086d80000)
 Metaspace       used 13615K, capacity 13758K, committed 14080K, reserved 1062912K
  class space    used 1409K, capacity 1472K, committed 1536K, reserved 1048576K
Event: 2.185 GC heap after
Heap after GC invocations=3 (full 0):
 PSYoungGen      total 38400K, used 5094K [0x00000000d5d80000, 0x00000000da880000, 0x0000000100000000)
  eden space 33280K, 0% used [0x00000000d5d80000,0x00000000d5d80000,0x00000000d7e00000)
  from space 5120K, 99% used [0x00000000d7e00000,0x00000000d82f9b50,0x00000000d8300000)
  to   space 5120K, 0% used [0x00000000da380000,0x00000000da380000,0x00000000da880000)
 ParOldGen       total 87552K, used 9514K [0x0000000081800000, 0x0000000086d80000, 0x00000000d5d80000)
  object space 87552K, 10% used [0x0000000081800000,0x000000008214a8b8,0x0000000086d80000)
 Metaspace       used 13615K, capacity 13758K, committed 14080K, reserved 1062912K
  class space    used 1409K, capacity 1472K, committed 1536K, reserved 1048576K
}
Event: 2.416 GC heap before
{Heap before GC invocations=4 (full 0):
 PSYoungGen      total 38400K, used 38374K [0x00000000d5d80000, 0x00000000da880000, 0x0000000100000000)
  eden space 33280K, 100% used [0x00000000d5d80000,0x00000000d7e00000,0x00000000d7e00000)
  from space 5120K, 99% used [0x00000000d7e00000,0x00000000d82f9b50,0x00000000d8300000)
  to   space 5120K, 0% used [0x00000000da380000,0x00000000da380000,0x00000000da880000)
 ParOldGen       total 87552K, used 9514K [0x0000000081800000, 0x0000000086d80000, 0x00000000d5d80000)
  object space 87552K, 10% used [0x0000000081800000,0x000000008214a8b8,0x0000000086d80000)
 Metaspace       used 14752K, capacity 14942K, committed 15232K, reserved 1062912K
  class space    used 1493K, capacity 1568K, committed 1664K, reserved 1048576K
Event: 2.430 GC heap after
Heap after GC invocations=4 (full 0):
 PSYoungGen      total 71680K, used 5118K [0x00000000d5d80000, 0x00000000da880000, 0x0000000100000000)
  eden space 66560K, 0% used [0x00000000d5d80000,0x00000000d5d80000,0x00000000d9e80000)
  from space 5120K, 99% used [0x00000000da380000,0x00000000da87fa18,0x00000000da880000)
  to   space 5120K, 0% used [0x00000000d9e80000,0x00000000d9e80000,0x00000000da380000)
 ParOldGen       total 87552K, used 15213K [0x0000000081800000, 0x0000000086d80000, 0x00000000d5d80000)
  object space 87552K, 17% used [0x0000000081800000,0x00000000826db6c0,0x0000000086d80000)
 Metaspace       used 14752K, capacity 14942K, committed 15232K, reserved 1062912K
  class space    used 1493K, capacity 1568K, committed 1664K, reserved 1048576K
}
Event: 2.930 GC heap before
{Heap before GC invocations=5 (full 0):
 PSYoungGen      total 71680K, used 71678K [0x00000000d5d80000, 0x00000000da880000, 0x0000000100000000)
  eden space 66560K, 100% used [0x00000000d5d80000,0x00000000d9e80000,0x00000000d9e80000)
  from space 5120K, 99% used [0x00000000da380000,0x00000000da87fa18,0x00000000da880000)
  to   space 5120K, 0% used [0x00000000d9e80000,0x00000000d9e80000,0x00000000da380000)
 ParOldGen       total 87552K, used 15213K [0x0000000081800000, 0x0000000086d80000, 0x00000000d5d80000)
  object space 87552K, 17% used [0x0000000081800000,0x00000000826db6c0,0x0000000086d80000)
 Metaspace       used 17559K, capacity 17806K, committed 18176K, reserved 1064960K
  class space    used 1834K, capacity 1928K, committed 2048K, reserved 1048576K
Event: 2.945 GC heap after
Heap after GC invocations=5 (full 0):
 PSYoungGen      total 71680K, used 5105K [0x00000000d5d80000, 0x00000000dff80000, 0x0000000100000000)
  eden space 66560K, 0% used [0x00000000d5d80000,0x00000000d5d80000,0x00000000d9e80000)
  from space 5120K, 99% used [0x00000000d9e80000,0x00000000da37c6d8,0x00000000da380000)
  to   space 16384K, 0% used [0x00000000def80000,0x00000000def80000,0x00000000dff80000)
 ParOldGen       total 87552K, used 22778K [0x0000000081800000, 0x0000000086d80000, 0x00000000d5d80000)
  object space 87552K, 26% used [0x0000000081800000,0x0000000082e3e8b0,0x0000000086d80000)
 Metaspace       used 17559K, capacity 17806K, committed 18176K, reserved 1064960K
  class space    used 1834K, capacity 1928K, committed 2048K, reserved 1048576K
}
Event: 3.571 GC heap before
{Heap before GC invocations=6 (full 0):
 PSYoungGen      total 71680K, used 63080K [0x00000000d5d80000, 0x00000000dff80000, 0x0000000100000000)
  eden space 66560K, 87% used [0x00000000d5d80000,0x00000000d961dbe8,0x00000000d9e80000)
  from space 5120K, 99% used [0x00000000d9e80000,0x00000000da37c6d8,0x00000000da380000)
  to   space 16384K, 0% used [0x00000000def80000,0x00000000def80000,0x00000000dff80000)
 ParOldGen       total 87552K, used 22778K [0x0000000081800000, 0x0000000086d80000, 0x00000000d5d80000)
  object space 87552K, 26% used [0x0000000081800000,0x0000000082e3e8b0,0x0000000086d80000)
 Metaspace       used 20721K, capacity 21204K, committed 21296K, reserved 1069056K
  class space    used 2277K, capacity 2415K, committed 2432K, reserved 1048576K
Event: 3.588 GC heap after
Heap after GC invocations=6 (full 0):
 PSYoungGen      total 148992K, used 12411K [0x00000000d5d80000, 0x00000000e0080000, 0x0000000100000000)
  eden space 132608K, 0% used [0x00000000d5d80000,0x00000000d5d80000,0x00000000ddf00000)
  from space 16384K, 75% used [0x00000000def80000,0x00000000dfb9ecd8,0x00000000dff80000)
  to   space 16896K, 0% used [0x00000000ddf00000,0x00000000ddf00000,0x00000000def80000)
 ParOldGen       total 87552K, used 22786K [0x0000000081800000, 0x0000000086d80000, 0x00000000d5d80000)
  object space 87552K, 26% used [0x0000000081800000,0x0000000082e408b0,0x0000000086d80000)
 Metaspace       used 20721K, capacity 21204K, committed 21296K, reserved 1069056K
  class space    used 2277K, capacity 2415K, committed 2432K, reserved 1048576K
}
Event: 3.588 GC heap before
{Heap before GC invocations=7 (full 1):
 PSYoungGen      total 148992K, used 12411K [0x00000000d5d80000, 0x00000000e0080000, 0x0000000100000000)
  eden space 132608K, 0% used [0x00000000d5d80000,0x00000000d5d80000,0x00000000ddf00000)
  from space 16384K, 75% used [0x00000000def80000,0x00000000dfb9ecd8,0x00000000dff80000)
  to   space 16896K, 0% used [0x00000000ddf00000,0x00000000ddf00000,0x00000000def80000)
 ParOldGen       total 87552K, used 22786K [0x0000000081800000, 0x0000000086d80000, 0x00000000d5d80000)
  object space 87552K, 26% used [0x0000000081800000,0x0000000082e408b0,0x0000000086d80000)
 Metaspace       used 20721K, capacity 21204K, committed 21296K, reserved 1069056K
  class space    used 2277K, capacity 2415K, committed 2432K, reserved 1048576K
Event: 3.671 GC heap after
Heap after GC invocations=7 (full 1):
 PSYoungGen      total 148992K, used 0K [0x00000000d5d80000, 0x00000000e0080000, 0x0000000100000000)
  eden space 132608K, 0% used [0x00000000d5d80000,0x00000000d5d80000,0x00000000ddf00000)
  from space 16384K, 0% used [0x00000000def80000,0x00000000def80000,0x00000000dff80000)
  to   space 16896K, 0% used [0x00000000ddf00000,0x00000000ddf00000,0x00000000def80000)
 ParOldGen       total 87552K, used 27924K [0x0000000081800000, 0x0000000086d80000, 0x00000000d5d80000)
  object space 87552K, 31% used [0x0000000081800000,0x00000000833450e0,0x0000000086d80000)
 Metaspace       used 20721K, capacity 21204K, committed 21296K, reserved 1069056K
  class space    used 2277K, capacity 2415K, committed 2432K, reserved 1048576K
}

Deoptimization events (10 events):
Event: 6.531 Thread 0x0000000002392000 Uncommon trap: reason=unstable_if action=reinterpret pc=0x0000000002d7a5a0 method=org.aspectj.weaver.bcel.LazyMethodGen.isAdviceMethod()Z @ 16
Event: 6.532 Thread 0x0000000002392000 Uncommon trap: reason=unstable_if action=reinterpret pc=0x0000000003103cf0 method=org.aspectj.apache.bcel.generic.InstructionHandle.setInstruction(Lorg/aspectj/apache/bcel/generic/Instruction;)V @ 4
Event: 6.535 Thread 0x0000000002392000 Uncommon trap: reason=unstable_if action=reinterpret pc=0x0000000002d69af8 method=org.aspectj.weaver.bcel.Utility.readAjAttributes(Ljava/lang/String;[Lorg/aspectj/apache/bcel/classfile/Attribute;Lorg/aspectj/weaver/ISourceContext;Lorg/aspectj/weaver/World
Event: 6.536 Thread 0x0000000002392000 Uncommon trap: reason=unstable_if action=reinterpret pc=0x000000000324acc4 method=org.aspectj.weaver.bcel.LazyMethodGen.isAdviceMethod()Z @ 16
Event: 6.536 Thread 0x0000000002392000 Uncommon trap: reason=unstable_if action=reinterpret pc=0x00000000032189cc method=org.aspectj.weaver.bcel.BcelMethod.isAjSynthetic()Z @ 7
Event: 8.566 Thread 0x0000000002392000 Uncommon trap: reason=unstable_if action=reinterpret pc=0x000000000326ae68 method=org.aspectj.weaver.bcel.LazyClassGen.<init>(Lorg/aspectj/weaver/bcel/BcelObjectType;)V @ 306
Event: 8.575 Thread 0x0000000002392000 Uncommon trap: reason=class_check action=maybe_recompile pc=0x0000000002a18ba8 method=java.lang.String.equals(Ljava/lang/Object;)Z @ 8
Event: 8.575 Thread 0x0000000002392000 Uncommon trap: reason=class_check action=maybe_recompile pc=0x0000000002a18ba8 method=java.lang.String.equals(Ljava/lang/Object;)Z @ 8
Event: 8.575 Thread 0x0000000002392000 Uncommon trap: reason=class_check action=maybe_recompile pc=0x0000000002a18ba8 method=java.lang.String.equals(Ljava/lang/Object;)Z @ 8
Event: 8.577 Thread 0x0000000002392000 Uncommon trap: reason=class_check action=maybe_recompile pc=0x0000000002a18ba8 method=java.lang.String.equals(Ljava/lang/Object;)Z @ 8

Classes redefined (0 events):
No events

Internal exceptions (10 events):
Event: 6.531 Thread 0x0000000002392000 Exception <a 'java/lang/ArrayIndexOutOfBoundsException'> (0x00000000dbfd9850) thrown at [C:\re\workspace\8-2-build-windows-amd64-cygwin\jdk8u191\11896\hotspot\src\share\vm\runtime\sharedRuntime.cpp, line 605]
Event: 6.531 Thread 0x0000000002392000 Exception <a 'java/lang/ArrayIndexOutOfBoundsException': 7> (0x00000000dbfd9e58) thrown at [C:\re\workspace\8-2-build-windows-amd64-cygwin\jdk8u191\11896\hotspot\src\share\vm\interpreter\interpreterRuntime.cpp, line 366]
Event: 6.554 Thread 0x0000000002392000 Exception <a 'java/lang/IncompatibleClassChangeError': Found class java.lang.Object, but interface was expected> (0x00000000dc166a00) thrown at [C:\re\workspace\8-2-build-windows-amd64-cygwin\jdk8u191\11896\hotspot\src\share\vm\interpreter\linkResolver.cp
Event: 6.555 Thread 0x0000000002392000 Exception <a 'java/lang/IncompatibleClassChangeError': Found class java.lang.Object, but interface was expected> (0x00000000dc16f378) thrown at [C:\re\workspace\8-2-build-windows-amd64-cygwin\jdk8u191\11896\hotspot\src\share\vm\interpreter\linkResolver.cp
Event: 6.585 Thread 0x0000000002392000 Exception <a 'java/net/SocketTimeoutException': Read timed out> (0x00000000dc2ea6f8) thrown at [C:\re\workspace\8-2-build-windows-amd64-cygwin\jdk8u191\11896\hotspot\src\share\vm\prims\jni.cpp, line 735]
Event: 8.505 Thread 0x0000000002392000 Exception <a 'java/lang/IncompatibleClassChangeError': Found class java.lang.Object, but interface was expected> (0x00000000dc2f6e10) thrown at [C:\re\workspace\8-2-build-windows-amd64-cygwin\jdk8u191\11896\hotspot\src\share\vm\interpreter\linkResolver.cp
Event: 8.505 Thread 0x0000000002392000 Exception <a 'java/lang/IncompatibleClassChangeError': Found class java.lang.Object, but interface was expected> (0x00000000dc2faaa0) thrown at [C:\re\workspace\8-2-build-windows-amd64-cygwin\jdk8u191\11896\hotspot\src\share\vm\interpreter\linkResolver.cp
Event: 8.506 Thread 0x0000000002392000 Exception <a 'java/lang/IncompatibleClassChangeError': Found class java.lang.Object, but interface was expected> (0x00000000dc301540) thrown at [C:\re\workspace\8-2-build-windows-amd64-cygwin\jdk8u191\11896\hotspot\src\share\vm\interpreter\linkResolver.cp
Event: 8.507 Thread 0x0000000002392000 Exception <a 'java/lang/IncompatibleClassChangeError': Found class java.lang.Object, but interface was expected> (0x00000000dc304fe8) thrown at [C:\re\workspace\8-2-build-windows-amd64-cygwin\jdk8u191\11896\hotspot\src\share\vm\interpreter\linkResolver.cp
Event: 8.730 Thread 0x0000000002392000 Exception <a 'java/net/SocketTimeoutException': Read timed out> (0x00000000dd3193c0) thrown at [C:\re\workspace\8-2-build-windows-amd64-cygwin\jdk8u191\11896\hotspot\src\share\vm\prims\jni.cpp, line 735]

Events (10 events):
Event: 8.759 loading class com/google/common/io/LineProcessor
Event: 8.759 loading class com/google/common/io/LineProcessor done
Event: 8.760 loading class com/google/common/io/Closer
Event: 8.760 loading class com/google/common/io/Closer done
Event: 8.761 loading class com/google/common/io/Closer$Suppressor
Event: 8.761 loading class com/google/common/io/Closer$Suppressor done
Event: 8.761 loading class com/google/common/io/Closer$SuppressingSuppressor
Event: 8.761 loading class com/google/common/io/Closer$SuppressingSuppressor done
Event: 8.769 loading class org/openqa/selenium/remote/internal/WebElementToJsonConverter
Event: 8.769 loading class org/openqa/selenium/remote/internal/WebElementToJsonConverter done


Dynamic libraries:
0x00007ff7a8900000 - 0x00007ff7a8937000 	C:\Program Files\Java\jdk1.8.0_191\bin\java.exe
0x00007ffc74fb0000 - 0x00007ffc751a5000 	C:\WINDOWS\SYSTEM32\ntdll.dll
0x00007ffc748e0000 - 0x00007ffc7499d000 	C:\WINDOWS\System32\KERNEL32.DLL
0x00007ffc72910000 - 0x00007ffc72bd9000 	C:\WINDOWS\System32\KERNELBASE.dll
0x00007ffc749a0000 - 0x00007ffc74a4c000 	C:\WINDOWS\System32\ADVAPI32.dll
0x00007ffc747e0000 - 0x00007ffc7487e000 	C:\WINDOWS\System32\msvcrt.dll
0x00007ffc74e50000 - 0x00007ffc74eeb000 	C:\WINDOWS\System32\sechost.dll
0x00007ffc73f50000 - 0x00007ffc7407a000 	C:\WINDOWS\System32\RPCRT4.dll
0x00007ffc73020000 - 0x00007ffc731c0000 	C:\WINDOWS\System32\USER32.dll
0x00007ffc72e90000 - 0x00007ffc72eb2000 	C:\WINDOWS\System32\win32u.dll
0x00007ffc73e00000 - 0x00007ffc73e2a000 	C:\WINDOWS\System32\GDI32.dll
0x00007ffc72750000 - 0x00007ffc7285b000 	C:\WINDOWS\System32\gdi32full.dll
0x00007ffc72ec0000 - 0x00007ffc72f5d000 	C:\WINDOWS\System32\msvcp_win.dll
0x00007ffc72be0000 - 0x00007ffc72ce0000 	C:\WINDOWS\System32\ucrtbase.dll
0x00007ffc51cd0000 - 0x00007ffc51f6a000 	C:\WINDOWS\WinSxS\amd64_microsoft.windows.common-controls_6595b64144ccf1df_6.0.19041.1083_none_60bbe31371f34e71\COMCTL32.dll
0x00007ffc748b0000 - 0x00007ffc748e0000 	C:\WINDOWS\System32\IMM32.DLL
0x00000000646a0000 - 0x0000000064772000 	C:\Program Files\Java\jdk1.8.0_191\jre\bin\msvcr100.dll
0x0000000063df0000 - 0x0000000064694000 	C:\Program Files\Java\jdk1.8.0_191\jre\bin\server\jvm.dll
0x00007ffc747d0000 - 0x00007ffc747d8000 	C:\WINDOWS\System32\PSAPI.DLL
0x00007ffc64330000 - 0x00007ffc64339000 	C:\WINDOWS\SYSTEM32\WSOCK32.dll
0x00007ffc6c560000 - 0x00007ffc6c56a000 	C:\WINDOWS\SYSTEM32\VERSION.dll
0x00007ffc679d0000 - 0x00007ffc679f7000 	C:\WINDOWS\SYSTEM32\WINMM.dll
0x00007ffc74b80000 - 0x00007ffc74beb000 	C:\WINDOWS\System32\WS2_32.dll
0x0000000063de0000 - 0x0000000063def000 	C:\Program Files\Java\jdk1.8.0_191\jre\bin\verify.dll
0x0000000063db0000 - 0x0000000063dd9000 	C:\Program Files\Java\jdk1.8.0_191\jre\bin\java.dll
0x0000000063d20000 - 0x0000000063d43000 	C:\Program Files\Java\jdk1.8.0_191\jre\bin\instrument.dll
0x0000000063d90000 - 0x0000000063da6000 	C:\Program Files\Java\jdk1.8.0_191\jre\bin\zip.dll
0x00007ffc73220000 - 0x00007ffc7395f000 	C:\WINDOWS\System32\SHELL32.dll
0x00007ffc70840000 - 0x00007ffc70fd1000 	C:\WINDOWS\SYSTEM32\windows.storage.dll
0x00007ffc739f0000 - 0x00007ffc73d45000 	C:\WINDOWS\System32\combase.dll
0x00007ffc72080000 - 0x00007ffc720ac000 	C:\WINDOWS\SYSTEM32\Wldp.dll
0x00007ffc73ea0000 - 0x00007ffc73f4e000 	C:\WINDOWS\System32\SHCORE.dll
0x00007ffc74300000 - 0x00007ffc74355000 	C:\WINDOWS\System32\shlwapi.dll
0x00007ffc72630000 - 0x00007ffc7264f000 	C:\WINDOWS\SYSTEM32\profapi.dll
0x00007ffc67130000 - 0x00007ffc6714a000 	C:\Program Files\JetBrains\IntelliJ IDEA Community Edition 2021.1.2\bin\breakgen64.dll
0x0000000063d70000 - 0x0000000063d8a000 	C:\Program Files\Java\jdk1.8.0_191\jre\bin\net.dll
0x00007ffc71df0000 - 0x00007ffc71e5a000 	C:\WINDOWS\system32\mswsock.dll
0x00007ffc71fd0000 - 0x00007ffc71fe8000 	C:\WINDOWS\SYSTEM32\CRYPTSP.dll
0x00007ffc71790000 - 0x00007ffc717c4000 	C:\WINDOWS\system32\rsaenh.dll
0x00007ffc72f60000 - 0x00007ffc72f87000 	C:\WINDOWS\System32\bcrypt.dll
0x00007ffc725f0000 - 0x00007ffc7261e000 	C:\WINDOWS\SYSTEM32\USERENV.dll
0x00007ffc72f90000 - 0x00007ffc73013000 	C:\WINDOWS\System32\bcryptprimitives.dll
0x00007ffc72420000 - 0x00007ffc7242c000 	C:\WINDOWS\SYSTEM32\CRYPTBASE.dll
0x00007ffc71ae0000 - 0x00007ffc71b1b000 	C:\WINDOWS\SYSTEM32\IPHLPAPI.DLL
0x00007ffc748a0000 - 0x00007ffc748a8000 	C:\WINDOWS\System32\NSI.dll
0x00007ffc6c870000 - 0x00007ffc6c887000 	C:\WINDOWS\SYSTEM32\dhcpcsvc6.DLL
0x00007ffc6c850000 - 0x00007ffc6c86d000 	C:\WINDOWS\SYSTEM32\dhcpcsvc.DLL
0x00007ffc71b20000 - 0x00007ffc71bec000 	C:\WINDOWS\SYSTEM32\DNSAPI.dll
0x0000000063d50000 - 0x0000000063d61000 	C:\Program Files\Java\jdk1.8.0_191\jre\bin\nio.dll
0x00007ffc684e0000 - 0x00007ffc684ea000 	C:\Windows\System32\rasadhlp.dll
0x00007ffc67d40000 - 0x00007ffc67dbf000 	C:\WINDOWS\System32\fwpuclnt.dll
0x0000000063c40000 - 0x0000000063c64000 	C:\Program Files\Java\jdk1.8.0_191\jre\bin\sunec.dll
0x0000000063c30000 - 0x0000000063c3b000 	C:\Program Files\Java\jdk1.8.0_191\jre\bin\sunmscapi.dll
0x00007ffc72d30000 - 0x00007ffc72e8f000 	C:\WINDOWS\System32\CRYPT32.dll

VM Arguments:
jvm_args: -ea -Dallure.results.directory=target/allure-results -javaagent:C:\Users\BlasteR\.m2\repository/org/aspectj/aspectjweaver/1.8.10/aspectjweaver-1.8.10.jar -Didea.test.cyclic.buffer.size=1048576 -javaagent:C:\Program Files\JetBrains\IntelliJ IDEA Community Edition 2021.1.2\lib\idea_rt.jar=58457:C:\Program Files\JetBrains\IntelliJ IDEA Community Edition 2021.1.2\bin -Dfile.encoding=UTF-8 
java_command: com.intellij.rt.testng.RemoteTestNGStarter -usedefaultlisteners false -socket58456 @w@C:\Users\BlasteR\AppData\Local\Temp\idea_working_dirs_testng.tmp -temp C:\Users\BlasteR\AppData\Local\Temp\idea_testng.tmp
java_class_path (initial): C:\Program Files\JetBrains\IntelliJ IDEA Community Edition 2021.1.2\lib\idea_rt.jar;C:\Program Files\JetBrains\IntelliJ IDEA Community Edition 2021.1.2\plugins\testng\lib\testng-rt.jar;C:\Program Files\Java\jdk1.8.0_191\jre\lib\charsets.jar;C:\Program Files\Java\jdk1.8.0_191\jre\lib\deploy.jar;C:\Program Files\Java\jdk1.8.0_191\jre\lib\ext\access-bridge-64.jar;C:\Program Files\Java\jdk1.8.0_191\jre\lib\ext\cldrdata.jar;C:\Program Files\Java\jdk1.8.0_191\jre\lib\ext\dnsns.jar;C:\Program Files\Java\jdk1.8.0_191\jre\lib\ext\jaccess.jar;C:\Program Files\Java\jdk1.8.0_191\jre\lib\ext\jfxrt.jar;C:\Program Files\Java\jdk1.8.0_191\jre\lib\ext\localedata.jar;C:\Program Files\Java\jdk1.8.0_191\jre\lib\ext\nashorn.jar;C:\Program Files\Java\jdk1.8.0_191\jre\lib\ext\sunec.jar;C:\Program Files\Java\jdk1.8.0_191\jre\lib\ext\sunjce_provider.jar;C:\Program Files\Java\jdk1.8.0_191\jre\lib\ext\sunmscapi.jar;C:\Program Files\Java\jdk1.8.0_191\jre\lib\ext\sunpkcs11.jar;C:\Program Files\Java\jdk1.8.0_191\jre\lib\ext\zipfs.jar;C:\Program Files\Java\jdk1.8.0_191\jre\lib\javaws.jar;C:\Program Files\Java\jdk1.8.0_191\jre\lib\jce.jar;C:\Program Files\Java\jdk1.8.0_191\jre\lib\jfr.jar;C:\Program Files\Java\jdk1.8.0_191\jre\lib\jfxswt.jar;C:\Program Files\Java\jdk1.8.0_191\jre\lib\jsse.jar;C:\Program Files\Java\jdk1.8.0_191\jre\lib\management-agent.jar;C:\Program Files\Java\jdk1.8.0_191\jre\lib\plugin.jar;C:\Program Files\Java\jdk1.8.0_191\jre\lib\resources.jar;C:\Program Files\Java\jdk1.8.0_191\jre\lib\rt.jar;H:\New_test 2021\CoinSelenide\target\test-classes;C:\Users\BlasteR\.m2\repository\org\testng\testng\7.4.0\testng-7.4.0.jar;C:\Users\BlasteR\.m2\repository\com\beust\jcommander\1.78\jcommander-1.78.jar;C:\Users\BlasteR\.m2\repository\org\webjars\jquery\3.5.1\jquery-3.5.1.jar;C:\Users\BlasteR\.m2\repository\com\codeborne\selenide\5.22.0\selenide-5.22.0.jar;C:\Users\BlasteR\.m2\repository\org\seleniumhq\selenium\selenium-java\3.141.59\selenium-java-3.141.59.jar;C
Launcher Type: SUN_STANDARD

Environment Variables:
JAVA_HOME=c:\Program Files\Java\jdk1.8.0_191
PATH=C:\app\BlasteR\product\18.0.0\dbhomeXE\bin;C:\Program Files (x86)\Common Files\Oracle\Java\javapath;C:\Windows\system32;C:\Windows;C:\Windows\System32\Wbem;C:\Windows\System32\WindowsPowerShell\v1.0\;C:\Windows\System32\OpenSSH\;C:\Program Files (x86)\NVIDIA Corporation\PhysX\Common;C:\Users\BlasteR\AppData\Local\Microsoft\WindowsApps;C:\Users\BlasteR\AppData\Local\GitHubDesktop\bin;C:\Program Files\Git\cmd;c:\Program Files\Java\jdk1.8.0_191\bin;C:\tolls\apache-maven-3.8.1\bin;C:\WINDOWS\system32;C:\WINDOWS;C:\WINDOWS\System32\Wbem;C:\WINDOWS\System32\WindowsPowerShell\v1.0\;C:\WINDOWS\System32\OpenSSH\;C:\Program Files\nodejs\;C:\Program Files\NVIDIA Corporation\NVIDIA NvDLISR;C:\WINDOWS\system32;C:\WINDOWS;C:\WINDOWS\System32\Wbem;C:\WINDOWS\System32\WindowsPowerShell\v1.0\;C:\WINDOWS\System32\OpenSSH\;C:\Program Files\MySQL\MySQL Shell 8.0\bin\;C:\Program Files (x86)\Common Files\Oracle\Java\javapath;C:\Windows\system32;C:\Windows;C:\Windows\System32\Wbem;C:\Windows\System32\WindowsPowerShell\v1.0\;C:\Windows\System32\OpenSSH\;C:\Program Files (x86)\NVIDIA Corporation\PhysX\Common;C:\Users\BlasteR\AppData\Local\Microsoft\WindowsApps;C:\Users\BlasteR\AppData\Local\GitHubDesktop\bin;C:\Program Files\Git\cmd;;C:\Program Files\JetBrains\IntelliJ IDEA Community Edition 2020.1.1\bin;;C:\Users\BlasteR\AppData\Local\Microsoft\WindowsApps;C:\Users\BlasteR\AppData\Roaming\npm
USERNAME=BlasteR
OS=Windows_NT
PROCESSOR_IDENTIFIER=AMD64 Family 21 Model 2 Stepping 0, AuthenticAMD



---------------  S Y S T E M  ---------------

OS: Windows 10.0 , 64 bit Build 19041 (10.0.19041.1023)

CPU:total 8 (initial active 8) (8 cores per cpu, 1 threads per core) family 21 model 2 stepping 0, cmov, cx8, fxsr, mmx, sse, sse2, sse3, ssse3, sse4.1, sse4.2, popcnt, avx, aes, clmul, mmxext, 3dnowpref, lzcnt, sse4a, tsc, tscinvbit, tscinv, bmi1

Memory: 4k page, physical 8286376k(454016k free), swap 20574376k(4092k free)

vm_info: Java HotSpot(TM) 64-Bit Server VM (25.191-b12) for windows-amd64 JRE (1.8.0_191-b12), built on Oct  6 2018 09:29:03 by "java_re" with MS VC++ 10.0 (VS2010)

time: Wed Jul 14 21:07:39 2021
elapsed time: 8 seconds (0d 0h 0m 8s)

