#
# There is insufficient memory for the Java Runtime Environment to continue.
# Native memory allocation (malloc) failed to allocate 930256 bytes for Chunk::new
# Possible reasons:
#   The system is out of physical RAM or swap space
#   In 32 bit mode, the process size limit was hit
# Possible solutions:
#   Reduce memory load on the system
#   Increase physical memory or swap space
#   Check if swap backing store is full
#   Use 64 bit Java on a 64 bit OS
#   Decrease Java heap size (-Xmx/-Xms)
#   Decrease number of Java threads
#   Decrease Java thread stack sizes (-Xss)
#   Set larger code cache with -XX:ReservedCodeCacheSize=
# This output file may be truncated or incomplete.
#
#  Out of Memory Error (allocation.cpp:390), pid=18152, tid=0x00000000000047ac
#
# JRE version: Java(TM) SE Runtime Environment (8.0_191-b12) (build 1.8.0_191-b12)
# Java VM: Java HotSpot(TM) 64-Bit Server VM (25.191-b12 mixed mode windows-amd64 compressed oops)
# Failed to write core dump. Minidumps are not enabled by default on client versions of Windows
#

---------------  T H R E A D  ---------------

Current thread (0x000000001a267800):  JavaThread "C2 CompilerThread1" daemon [_thread_in_native, id=18348, stack(0x000000001aa90000,0x000000001ab90000)]

Stack: [0x000000001aa90000,0x000000001ab90000]
[error occurred during error reporting (printing stack bounds), id 0xc0000005]

Native frames: (J=compiled Java code, j=interpreted, Vv=VM code, C=native code)


Current CompileTask:
C2:   6800 2883       4       org.aspectj.apache.bcel.generic.Type::getType (232 bytes)


---------------  P R O C E S S  ---------------

Java Threads: ( => current thread )
  0x000000001c4bd800 JavaThread "Okio Watchdog" daemon [_thread_blocked, id=17576, stack(0x0000000020de0000,0x0000000020ee0000)]
  0x000000001c4bd000 JavaThread "OkHttp ConnectionPool" daemon [_thread_blocked, id=14964, stack(0x0000000020ce0000,0x0000000020de0000)]
  0x000000001e60a000 JavaThread "Keep-Alive-Timer" daemon [_thread_blocked, id=17224, stack(0x00000000209e0000,0x0000000020ae0000)]
  0x000000001dbae000 JavaThread "Exec Stream Pumper" daemon [_thread_in_native, id=11516, stack(0x00000000207e0000,0x00000000208e0000)]
  0x000000001cdd6800 JavaThread "Exec Stream Pumper" daemon [_thread_in_native, id=13468, stack(0x00000000206e0000,0x00000000207e0000)]
  0x000000001cad2800 JavaThread "UrlChecker-2" daemon [_thread_blocked, id=18076, stack(0x00000000204e0000,0x00000000205e0000)]
  0x000000001c4c5000 JavaThread "Exec Default Executor" daemon [_thread_in_native, id=18216, stack(0x00000000203e0000,0x00000000204e0000)]
  0x000000001b76d000 JavaThread "ForkJoinPool.commonPool-worker-2" daemon [_thread_blocked, id=17084, stack(0x000000001ee60000,0x000000001ef60000)]
  0x000000001e30a800 JavaThread "ForkJoinPool.commonPool-worker-1" daemon [_thread_blocked, id=2900, stack(0x000000001eb40000,0x000000001ec40000)]
  0x000000001a309800 JavaThread "Service Thread" daemon [_thread_blocked, id=9652, stack(0x000000001ad90000,0x000000001ae90000)]
  0x000000001a2cf800 JavaThread "C1 CompilerThread3" daemon [_thread_in_vm, id=10976, stack(0x000000001ac90000,0x000000001ad90000)]
  0x000000001a268000 JavaThread "C2 CompilerThread2" daemon [_thread_in_native, id=18496, stack(0x000000001ab90000,0x000000001ac90000)]
=>0x000000001a267800 JavaThread "C2 CompilerThread1" daemon [_thread_in_native, id=18348, stack(0x000000001aa90000,0x000000001ab90000)]
  0x000000001a239800 JavaThread "C2 CompilerThread0" daemon [_thread_in_native, id=17772, stack(0x000000001a990000,0x000000001aa90000)]
  0x000000001a103000 JavaThread "Monitor Ctrl-Break" daemon [_thread_in_native, id=2100, stack(0x000000001a890000,0x000000001a990000)]
  0x00000000197bd800 JavaThread "Attach Listener" daemon [_thread_blocked, id=14232, stack(0x0000000019f90000,0x000000001a090000)]
  0x00000000197bc800 JavaThread "Signal Dispatcher" daemon [_thread_blocked, id=14348, stack(0x0000000019e90000,0x0000000019f90000)]
  0x00000000197a0800 JavaThread "Finalizer" daemon [_thread_blocked, id=17612, stack(0x0000000019c80000,0x0000000019d80000)]
  0x000000001798d000 JavaThread "Reference Handler" daemon [_thread_blocked, id=17580, stack(0x0000000019b80000,0x0000000019c80000)]
  0x0000000002752000 JavaThread "main" [_thread_in_vm, id=19416, stack(0x0000000002650000,0x0000000002750000)]

Other Threads:
  0x000000000284e800 VMThread [stack: 0x0000000019680000,0x0000000019780000] [id=17024]
  0x000000001a42a000 WatcherThread [stack: 0x000000001ae90000,0x000000001af90000] [id=15448]

VM state:not at safepoint (normal execution)

VM Mutex/Monitor currently owned by a thread: None

Heap:
 PSYoungGen      total 151552K, used 103189K [0x00000000d5d80000, 0x00000000e0480000, 0x0000000100000000)
  eden space 133120K, 77% used [0x00000000d5d80000,0x00000000dc245478,0x00000000ddf80000)
  from space 18432K, 0% used [0x00000000df280000,0x00000000df280000,0x00000000e0480000)
  to   space 18944K, 0% used [0x00000000ddf80000,0x00000000ddf80000,0x00000000df200000)
 ParOldGen       total 89088K, used 27703K [0x0000000081800000, 0x0000000086f00000, 0x00000000d5d80000)
  object space 89088K, 31% used [0x0000000081800000,0x000000008330dc60,0x0000000086f00000)
 Metaspace       used 26367K, capacity 27428K, committed 27648K, reserved 1073152K
  class space    used 3045K, capacity 3320K, committed 3328K, reserved 1048576K

Card table byte_map: [0x0000000011db0000,0x00000000121b0000] byte_map_base: 0x00000000119a4000

Marking Bits: (ParMarkBitMap*) 0x0000000064613e30
 Begin Bits: [0x0000000012c60000, 0x0000000014c00000)
 End Bits:   [0x0000000014c00000, 0x0000000016ba0000)

Polling page: 0x0000000000f00000

CodeCache: size=245760Kb used=12784Kb max_used=12977Kb free=232975Kb
 bounds [0x00000000029f0000, 0x00000000036b0000, 0x00000000119f0000]
 total_blobs=3318 nmethods=2858 adapters=373
 compilation: enabled

Compilation events (10 events):
Event: 6.783 Thread 0x000000001a2cf800 2931   !   3       org.aspectj.weaver.bcel.AtAjAttributes::readAj5ClassAttributes (957 bytes)
Event: 6.785 Thread 0x000000001a239800 2934 %     4       java.io.DataOutputStream::writeUTF @ 13 (435 bytes)
Event: 6.794 Thread 0x000000001a2cf800 nmethod 2931 0x00000000036964d0 code [0x0000000003696ea0, 0x000000000369eb48]
Event: 6.794 Thread 0x000000001a2cf800 2941       3       org.aspectj.weaver.bcel.BcelMethod::processAttributes (176 bytes)
Event: 6.796 Thread 0x000000001a2cf800 nmethod 2941 0x0000000002b21310 code [0x0000000002b21620, 0x0000000002b23338]
Event: 6.796 Thread 0x000000001a2cf800 2943       3       org.aspectj.weaver.ReferenceType::isAspect (10 bytes)
Event: 6.796 Thread 0x000000001a2cf800 nmethod 2943 0x0000000002b25250 code [0x0000000002b253c0, 0x0000000002b25698]
Event: 6.796 Thread 0x000000001a2cf800 2947       3       org.aspectj.weaver.bcel.BcelObjectType::isAspect (13 bytes)
Event: 6.797 Thread 0x000000001a2cf800 nmethod 2947 0x0000000002b7de10 code [0x0000000002b7df60, 0x0000000002b7e110]
Event: 6.797 Thread 0x000000001a2cf800 2942       3       org.aspectj.weaver.bcel.BcelClassWeaver::shouldWeaveBody (43 bytes)

GC Heap History (10 events):
Event: 2.329 GC heap before
{Heap before GC invocations=3 (full 0):
 PSYoungGen      total 38400K, used 38397K [0x00000000d5d80000, 0x00000000d8800000, 0x0000000100000000)
  eden space 33280K, 100% used [0x00000000d5d80000,0x00000000d7e00000,0x00000000d7e00000)
  from space 5120K, 99% used [0x00000000d8300000,0x00000000d87ff458,0x00000000d8800000)
  to   space 5120K, 0% used [0x00000000d7e00000,0x00000000d7e00000,0x00000000d8300000)
 ParOldGen       total 87552K, used 4169K [0x0000000081800000, 0x0000000086d80000, 0x00000000d5d80000)
  object space 87552K, 4% used [0x0000000081800000,0x0000000081c12730,0x0000000086d80000)
 Metaspace       used 13639K, capacity 13822K, committed 14080K, reserved 1062912K
  class space    used 1408K, capacity 1472K, committed 1536K, reserved 1048576K
Event: 2.345 GC heap after
Heap after GC invocations=3 (full 0):
 PSYoungGen      total 38400K, used 5102K [0x00000000d5d80000, 0x00000000da880000, 0x0000000100000000)
  eden space 33280K, 0% used [0x00000000d5d80000,0x00000000d5d80000,0x00000000d7e00000)
  from space 5120K, 99% used [0x00000000d7e00000,0x00000000d82fba08,0x00000000d8300000)
  to   space 5120K, 0% used [0x00000000da380000,0x00000000da380000,0x00000000da880000)
 ParOldGen       total 87552K, used 11872K [0x0000000081800000, 0x0000000086d80000, 0x00000000d5d80000)
  object space 87552K, 13% used [0x0000000081800000,0x00000000823982a8,0x0000000086d80000)
 Metaspace       used 13639K, capacity 13822K, committed 14080K, reserved 1062912K
  class space    used 1408K, capacity 1472K, committed 1536K, reserved 1048576K
}
Event: 2.547 GC heap before
{Heap before GC invocations=4 (full 0):
 PSYoungGen      total 38400K, used 38382K [0x00000000d5d80000, 0x00000000da880000, 0x0000000100000000)
  eden space 33280K, 100% used [0x00000000d5d80000,0x00000000d7e00000,0x00000000d7e00000)
  from space 5120K, 99% used [0x00000000d7e00000,0x00000000d82fba08,0x00000000d8300000)
  to   space 5120K, 0% used [0x00000000da380000,0x00000000da380000,0x00000000da880000)
 ParOldGen       total 87552K, used 11872K [0x0000000081800000, 0x0000000086d80000, 0x00000000d5d80000)
  object space 87552K, 13% used [0x0000000081800000,0x00000000823982a8,0x0000000086d80000)
 Metaspace       used 14786K, capacity 14942K, committed 15232K, reserved 1062912K
  class space    used 1496K, capacity 1568K, committed 1664K, reserved 1048576K
Event: 2.562 GC heap after
Heap after GC invocations=4 (full 0):
 PSYoungGen      total 71680K, used 5118K [0x00000000d5d80000, 0x00000000da880000, 0x0000000100000000)
  eden space 66560K, 0% used [0x00000000d5d80000,0x00000000d5d80000,0x00000000d9e80000)
  from space 5120K, 99% used [0x00000000da380000,0x00000000da87faf0,0x00000000da880000)
  to   space 5120K, 0% used [0x00000000d9e80000,0x00000000d9e80000,0x00000000da380000)
 ParOldGen       total 87552K, used 19580K [0x0000000081800000, 0x0000000086d80000, 0x00000000d5d80000)
  object space 87552K, 22% used [0x0000000081800000,0x0000000082b1f3b8,0x0000000086d80000)
 Metaspace       used 14786K, capacity 14942K, committed 15232K, reserved 1062912K
  class space    used 1496K, capacity 1568K, committed 1664K, reserved 1048576K
}
Event: 3.068 GC heap before
{Heap before GC invocations=5 (full 0):
 PSYoungGen      total 71680K, used 71678K [0x00000000d5d80000, 0x00000000da880000, 0x0000000100000000)
  eden space 66560K, 100% used [0x00000000d5d80000,0x00000000d9e80000,0x00000000d9e80000)
  from space 5120K, 99% used [0x00000000da380000,0x00000000da87faf0,0x00000000da880000)
  to   space 5120K, 0% used [0x00000000d9e80000,0x00000000d9e80000,0x00000000da380000)
 ParOldGen       total 87552K, used 19580K [0x0000000081800000, 0x0000000086d80000, 0x00000000d5d80000)
  object space 87552K, 22% used [0x0000000081800000,0x0000000082b1f3b8,0x0000000086d80000)
 Metaspace       used 17618K, capacity 17806K, committed 18176K, reserved 1064960K
  class space    used 1840K, capacity 1928K, committed 2048K, reserved 1048576K
Event: 3.087 GC heap after
Heap after GC invocations=5 (full 0):
 PSYoungGen      total 71680K, used 5104K [0x00000000d5d80000, 0x00000000e0580000, 0x0000000100000000)
  eden space 66560K, 0% used [0x00000000d5d80000,0x00000000d5d80000,0x00000000d9e80000)
  from space 5120K, 99% used [0x00000000d9e80000,0x00000000da37c108,0x00000000da380000)
  to   space 19456K, 0% used [0x00000000df280000,0x00000000df280000,0x00000000e0580000)
 ParOldGen       total 87552K, used 29562K [0x0000000081800000, 0x0000000086d80000, 0x00000000d5d80000)
  object space 87552K, 33% used [0x0000000081800000,0x00000000834deb00,0x0000000086d80000)
 Metaspace       used 17618K, capacity 17806K, committed 18176K, reserved 1064960K
  class space    used 1840K, capacity 1928K, committed 2048K, reserved 1048576K
}
Event: 3.778 GC heap before
{Heap before GC invocations=6 (full 0):
 PSYoungGen      total 71680K, used 59944K [0x00000000d5d80000, 0x00000000e0580000, 0x0000000100000000)
  eden space 66560K, 82% used [0x00000000d5d80000,0x00000000d930dfa8,0x00000000d9e80000)
  from space 5120K, 99% used [0x00000000d9e80000,0x00000000da37c108,0x00000000da380000)
  to   space 19456K, 0% used [0x00000000df280000,0x00000000df280000,0x00000000e0580000)
 ParOldGen       total 87552K, used 29562K [0x0000000081800000, 0x0000000086d80000, 0x00000000d5d80000)
  object space 87552K, 33% used [0x0000000081800000,0x00000000834deb00,0x0000000086d80000)
 Metaspace       used 20712K, capacity 21204K, committed 21296K, reserved 1069056K
  class space    used 2276K, capacity 2415K, committed 2432K, reserved 1048576K
Event: 3.796 GC heap after
Heap after GC invocations=6 (full 0):
 PSYoungGen      total 151552K, used 12256K [0x00000000d5d80000, 0x00000000e0480000, 0x0000000100000000)
  eden space 133120K, 0% used [0x00000000d5d80000,0x00000000d5d80000,0x00000000ddf80000)
  from space 18432K, 66% used [0x00000000df280000,0x00000000dfe78258,0x00000000e0480000)
  to   space 18944K, 0% used [0x00000000ddf80000,0x00000000ddf80000,0x00000000df200000)
 ParOldGen       total 87552K, used 29570K [0x0000000081800000, 0x0000000086d80000, 0x00000000d5d80000)
  object space 87552K, 33% used [0x0000000081800000,0x00000000834e0b00,0x0000000086d80000)
 Metaspace       used 20712K, capacity 21204K, committed 21296K, reserved 1069056K
  class space    used 2276K, capacity 2415K, committed 2432K, reserved 1048576K
}
Event: 3.796 GC heap before
{Heap before GC invocations=7 (full 1):
 PSYoungGen      total 151552K, used 12256K [0x00000000d5d80000, 0x00000000e0480000, 0x0000000100000000)
  eden space 133120K, 0% used [0x00000000d5d80000,0x00000000d5d80000,0x00000000ddf80000)
  from space 18432K, 66% used [0x00000000df280000,0x00000000dfe78258,0x00000000e0480000)
  to   space 18944K, 0% used [0x00000000ddf80000,0x00000000ddf80000,0x00000000df200000)
 ParOldGen       total 87552K, used 29570K [0x0000000081800000, 0x0000000086d80000, 0x00000000d5d80000)
  object space 87552K, 33% used [0x0000000081800000,0x00000000834e0b00,0x0000000086d80000)
 Metaspace       used 20712K, capacity 21204K, committed 21296K, reserved 1069056K
  class space    used 2276K, capacity 2415K, committed 2432K, reserved 1048576K
Event: 3.880 GC heap after
Heap after GC invocations=7 (full 1):
 PSYoungGen      total 151552K, used 0K [0x00000000d5d80000, 0x00000000e0480000, 0x0000000100000000)
  eden space 133120K, 0% used [0x00000000d5d80000,0x00000000d5d80000,0x00000000ddf80000)
  from space 18432K, 0% used [0x00000000df280000,0x00000000df280000,0x00000000e0480000)
  to   space 18944K, 0% used [0x00000000ddf80000,0x00000000ddf80000,0x00000000df200000)
 ParOldGen       total 89088K, used 27703K [0x0000000081800000, 0x0000000086f00000, 0x00000000d5d80000)
  object space 89088K, 31% used [0x0000000081800000,0x000000008330dc60,0x0000000086f00000)
 Metaspace       used 20712K, capacity 21204K, committed 21296K, reserved 1069056K
  class space    used 2276K, capacity 2415K, committed 2432K, reserved 1048576K
}

Deoptimization events (10 events):
Event: 6.779 Thread 0x0000000002752000 Uncommon trap: reason=unstable_if action=reinterpret pc=0x0000000003505990 method=org.aspectj.weaver.bcel.BcelObjectType.isAspect()Z @ 4
Event: 6.779 Thread 0x0000000002752000 Uncommon trap: reason=unstable_if action=reinterpret pc=0x0000000003122ca0 method=org.aspectj.weaver.bcel.AtAjAttributes.readAj5MethodAttributes(Lorg/aspectj/apache/bcel/classfile/Method;Lorg/aspectj/weaver/bcel/BcelMethod;Lorg/aspectj/weaver/ResolvedType
Event: 6.779 Thread 0x0000000002752000 Uncommon trap: reason=unstable_if action=reinterpret pc=0x0000000003338fbc method=org.aspectj.weaver.bcel.BcelMethod.processAttributes(Lorg/aspectj/weaver/World;Ljava/util/List;)V @ 13
Event: 6.780 Thread 0x0000000002752000 Uncommon trap: reason=unstable_if action=reinterpret pc=0x0000000002fdfeb4 method=org.aspectj.weaver.bcel.BcelMethod.processAttributes(Lorg/aspectj/weaver/World;Ljava/util/List;)V @ 13
Event: 6.780 Thread 0x0000000002752000 Uncommon trap: reason=unstable_if action=reinterpret pc=0x000000000311fa1c method=org.aspectj.weaver.bcel.LazyMethodGen.isAdviceMethod()Z @ 16
Event: 6.780 Thread 0x0000000002752000 Uncommon trap: reason=unstable_if action=reinterpret pc=0x000000000366ba40 method=org.aspectj.weaver.bcel.BcelObjectType.isAspect()Z @ 4
Event: 6.781 Thread 0x0000000002752000 Uncommon trap: reason=unstable_if action=reinterpret pc=0x00000000030cd1f0 method=org.aspectj.apache.bcel.generic.InstructionHandle.setInstruction(Lorg/aspectj/apache/bcel/generic/Instruction;)V @ 4
Event: 6.782 Thread 0x0000000002752000 Uncommon trap: reason=unstable_if action=reinterpret pc=0x000000000301fff8 method=org.aspectj.weaver.bcel.Utility.readAjAttributes(Ljava/lang/String;[Lorg/aspectj/apache/bcel/classfile/Attribute;Lorg/aspectj/weaver/ISourceContext;Lorg/aspectj/weaver/World
Event: 6.783 Thread 0x0000000002752000 Uncommon trap: reason=unstable_if action=reinterpret pc=0x00000000035a6374 method=org.aspectj.weaver.bcel.LazyMethodGen.isAdviceMethod()Z @ 16
Event: 6.783 Thread 0x0000000002752000 Uncommon trap: reason=unstable_if action=reinterpret pc=0x00000000033acc4c method=org.aspectj.weaver.bcel.BcelMethod.isAjSynthetic()Z @ 7

Classes redefined (0 events):
No events

Internal exceptions (10 events):
Event: 6.778 Thread 0x0000000002752000 Exception <a 'java/lang/ArrayIndexOutOfBoundsException': 9> (0x00000000dbf695f8) thrown at [C:\re\workspace\8-2-build-windows-amd64-cygwin\jdk8u191\11896\hotspot\src\share\vm\interpreter\interpreterRuntime.cpp, line 366]
Event: 6.779 Thread 0x0000000002752000 Exception <a 'java/lang/ArrayIndexOutOfBoundsException'> (0x00000000dbf70868) thrown at [C:\re\workspace\8-2-build-windows-amd64-cygwin\jdk8u191\11896\hotspot\src\share\vm\runtime\sharedRuntime.cpp, line 605]
Event: 6.779 Thread 0x0000000002752000 Exception <a 'java/lang/ArrayIndexOutOfBoundsException'> (0x00000000dbf70e70) thrown at [C:\re\workspace\8-2-build-windows-amd64-cygwin\jdk8u191\11896\hotspot\src\share\vm\runtime\sharedRuntime.cpp, line 605]
Event: 6.779 Thread 0x0000000002752000 Exception <a 'java/lang/ArrayIndexOutOfBoundsException': 7> (0x00000000dbf71478) thrown at [C:\re\workspace\8-2-build-windows-amd64-cygwin\jdk8u191\11896\hotspot\src\share\vm\interpreter\interpreterRuntime.cpp, line 366]
Event: 6.780 Thread 0x0000000002752000 Exception <a 'java/lang/ArrayIndexOutOfBoundsException'> (0x00000000dbf74c98) thrown at [C:\re\workspace\8-2-build-windows-amd64-cygwin\jdk8u191\11896\hotspot\src\share\vm\runtime\sharedRuntime.cpp, line 605]
Event: 6.780 Thread 0x0000000002752000 Exception <a 'java/lang/ArrayIndexOutOfBoundsException'> (0x00000000dbf752a0) thrown at [C:\re\workspace\8-2-build-windows-amd64-cygwin\jdk8u191\11896\hotspot\src\share\vm\runtime\sharedRuntime.cpp, line 605]
Event: 6.780 Thread 0x0000000002752000 Exception <a 'java/lang/ArrayIndexOutOfBoundsException': 7> (0x00000000dbf758a8) thrown at [C:\re\workspace\8-2-build-windows-amd64-cygwin\jdk8u191\11896\hotspot\src\share\vm\interpreter\interpreterRuntime.cpp, line 366]
Event: 6.780 Thread 0x0000000002752000 Exception <a 'java/lang/ArrayIndexOutOfBoundsException'> (0x00000000dbf78ca8) thrown at [C:\re\workspace\8-2-build-windows-amd64-cygwin\jdk8u191\11896\hotspot\src\share\vm\runtime\sharedRuntime.cpp, line 605]
Event: 6.780 Thread 0x0000000002752000 Exception <a 'java/lang/ArrayIndexOutOfBoundsException'> (0x00000000dbf792b0) thrown at [C:\re\workspace\8-2-build-windows-amd64-cygwin\jdk8u191\11896\hotspot\src\share\vm\runtime\sharedRuntime.cpp, line 605]
Event: 6.780 Thread 0x0000000002752000 Exception <a 'java/lang/ArrayIndexOutOfBoundsException': 7> (0x00000000dbf798b8) thrown at [C:\re\workspace\8-2-build-windows-amd64-cygwin\jdk8u191\11896\hotspot\src\share\vm\interpreter\interpreterRuntime.cpp, line 366]

Events (10 events):
Event: 6.796 Thread 0x000000001a2cf800 flushing nmethod 0x0000000002c1f3d0
Event: 6.796 Thread 0x000000001a2cf800 flushing nmethod 0x0000000002c25750
Event: 6.796 Thread 0x000000001a2cf800 flushing nmethod 0x0000000002c42c50
Event: 6.797 Thread 0x000000001a2cf800 flushing nmethod 0x0000000002cdd5d0
Event: 6.797 loading class org/aspectj/lang/Signature
Event: 6.797 loading class org/aspectj/lang/Signature done
Event: 6.797 loading class org/aspectj/lang/reflect/MethodSignature
Event: 6.797 loading class org/aspectj/lang/reflect/MethodSignature done
Event: 6.797 loading class io/qameta/allure/model/Parameter
Event: 6.797 loading class io/qameta/allure/model/Parameter done


Dynamic libraries:
0x00007ff7a8900000 - 0x00007ff7a8937000 	C:\Program Files\Java\jdk1.8.0_191\bin\java.exe
0x00007ffc74fb0000 - 0x00007ffc751a5000 	C:\WINDOWS\SYSTEM32\ntdll.dll
0x00007ffc748e0000 - 0x00007ffc7499d000 	C:\WINDOWS\System32\KERNEL32.DLL
0x00007ffc72910000 - 0x00007ffc72bd9000 	C:\WINDOWS\System32\KERNELBASE.dll
0x00007ffc749a0000 - 0x00007ffc74a4c000 	C:\WINDOWS\System32\ADVAPI32.dll
0x00007ffc747e0000 - 0x00007ffc7487e000 	C:\WINDOWS\System32\msvcrt.dll
0x00007ffc74e50000 - 0x00007ffc74eeb000 	C:\WINDOWS\System32\sechost.dll
0x00007ffc73f50000 - 0x00007ffc7407a000 	C:\WINDOWS\System32\RPCRT4.dll
0x00007ffc73020000 - 0x00007ffc731c0000 	C:\WINDOWS\System32\USER32.dll
0x00007ffc72e90000 - 0x00007ffc72eb2000 	C:\WINDOWS\System32\win32u.dll
0x00007ffc73e00000 - 0x00007ffc73e2a000 	C:\WINDOWS\System32\GDI32.dll
0x00007ffc72750000 - 0x00007ffc7285b000 	C:\WINDOWS\System32\gdi32full.dll
0x00007ffc72ec0000 - 0x00007ffc72f5d000 	C:\WINDOWS\System32\msvcp_win.dll
0x00007ffc72be0000 - 0x00007ffc72ce0000 	C:\WINDOWS\System32\ucrtbase.dll
0x00007ffc51cd0000 - 0x00007ffc51f6a000 	C:\WINDOWS\WinSxS\amd64_microsoft.windows.common-controls_6595b64144ccf1df_6.0.19041.1083_none_60bbe31371f34e71\COMCTL32.dll
0x00007ffc748b0000 - 0x00007ffc748e0000 	C:\WINDOWS\System32\IMM32.DLL
0x00000000646a0000 - 0x0000000064772000 	C:\Program Files\Java\jdk1.8.0_191\jre\bin\msvcr100.dll
0x0000000063df0000 - 0x0000000064694000 	C:\Program Files\Java\jdk1.8.0_191\jre\bin\server\jvm.dll
0x00007ffc747d0000 - 0x00007ffc747d8000 	C:\WINDOWS\System32\PSAPI.DLL
0x00007ffc6c560000 - 0x00007ffc6c56a000 	C:\WINDOWS\SYSTEM32\VERSION.dll
0x00007ffc64330000 - 0x00007ffc64339000 	C:\WINDOWS\SYSTEM32\WSOCK32.dll
0x00007ffc74b80000 - 0x00007ffc74beb000 	C:\WINDOWS\System32\WS2_32.dll
0x00007ffc679d0000 - 0x00007ffc679f7000 	C:\WINDOWS\SYSTEM32\WINMM.dll
0x0000000063de0000 - 0x0000000063def000 	C:\Program Files\Java\jdk1.8.0_191\jre\bin\verify.dll
0x0000000063db0000 - 0x0000000063dd9000 	C:\Program Files\Java\jdk1.8.0_191\jre\bin\java.dll
0x0000000063d20000 - 0x0000000063d43000 	C:\Program Files\Java\jdk1.8.0_191\jre\bin\instrument.dll
0x0000000063d90000 - 0x0000000063da6000 	C:\Program Files\Java\jdk1.8.0_191\jre\bin\zip.dll
0x00007ffc73220000 - 0x00007ffc7395f000 	C:\WINDOWS\System32\SHELL32.dll
0x00007ffc70840000 - 0x00007ffc70fd1000 	C:\WINDOWS\SYSTEM32\windows.storage.dll
0x00007ffc739f0000 - 0x00007ffc73d45000 	C:\WINDOWS\System32\combase.dll
0x00007ffc72080000 - 0x00007ffc720ac000 	C:\WINDOWS\SYSTEM32\Wldp.dll
0x00007ffc73ea0000 - 0x00007ffc73f4e000 	C:\WINDOWS\System32\SHCORE.dll
0x00007ffc74300000 - 0x00007ffc74355000 	C:\WINDOWS\System32\shlwapi.dll
0x00007ffc72630000 - 0x00007ffc7264f000 	C:\WINDOWS\SYSTEM32\profapi.dll
0x00007ffc67130000 - 0x00007ffc6714a000 	C:\Program Files\JetBrains\IntelliJ IDEA Community Edition 2021.1.2\bin\breakgen64.dll
0x0000000063d70000 - 0x0000000063d8a000 	C:\Program Files\Java\jdk1.8.0_191\jre\bin\net.dll
0x00007ffc71df0000 - 0x00007ffc71e5a000 	C:\WINDOWS\system32\mswsock.dll
0x00007ffc71fd0000 - 0x00007ffc71fe8000 	C:\WINDOWS\SYSTEM32\CRYPTSP.dll
0x00007ffc71790000 - 0x00007ffc717c4000 	C:\WINDOWS\system32\rsaenh.dll
0x00007ffc72f60000 - 0x00007ffc72f87000 	C:\WINDOWS\System32\bcrypt.dll
0x00007ffc725f0000 - 0x00007ffc7261e000 	C:\WINDOWS\SYSTEM32\USERENV.dll
0x00007ffc72f90000 - 0x00007ffc73013000 	C:\WINDOWS\System32\bcryptprimitives.dll
0x00007ffc72420000 - 0x00007ffc7242c000 	C:\WINDOWS\SYSTEM32\CRYPTBASE.dll
0x00007ffc71ae0000 - 0x00007ffc71b1b000 	C:\WINDOWS\SYSTEM32\IPHLPAPI.DLL
0x00007ffc748a0000 - 0x00007ffc748a8000 	C:\WINDOWS\System32\NSI.dll
0x00007ffc6c870000 - 0x00007ffc6c887000 	C:\WINDOWS\SYSTEM32\dhcpcsvc6.DLL
0x00007ffc6c850000 - 0x00007ffc6c86d000 	C:\WINDOWS\SYSTEM32\dhcpcsvc.DLL
0x00007ffc71b20000 - 0x00007ffc71bec000 	C:\WINDOWS\SYSTEM32\DNSAPI.dll
0x0000000063d50000 - 0x0000000063d61000 	C:\Program Files\Java\jdk1.8.0_191\jre\bin\nio.dll
0x00007ffc684e0000 - 0x00007ffc684ea000 	C:\Windows\System32\rasadhlp.dll
0x00007ffc67d40000 - 0x00007ffc67dbf000 	C:\WINDOWS\System32\fwpuclnt.dll
0x0000000063c40000 - 0x0000000063c64000 	C:\Program Files\Java\jdk1.8.0_191\jre\bin\sunec.dll
0x0000000063c30000 - 0x0000000063c3b000 	C:\Program Files\Java\jdk1.8.0_191\jre\bin\sunmscapi.dll
0x00007ffc72d30000 - 0x00007ffc72e8f000 	C:\WINDOWS\System32\CRYPT32.dll

VM Arguments:
jvm_args: -ea -Dallure.results.directory=target/allure-results -javaagent:C:\Users\BlasteR\.m2\repository/org/aspectj/aspectjweaver/1.8.10/aspectjweaver-1.8.10.jar -Didea.test.cyclic.buffer.size=1048576 -javaagent:C:\Program Files\JetBrains\IntelliJ IDEA Community Edition 2021.1.2\lib\idea_rt.jar=62114:C:\Program Files\JetBrains\IntelliJ IDEA Community Edition 2021.1.2\bin -Dfile.encoding=UTF-8 
java_command: com.intellij.rt.testng.RemoteTestNGStarter -usedefaultlisteners false -socket62113 @w@C:\Users\BlasteR\AppData\Local\Temp\idea_working_dirs_testng.tmp -temp C:\Users\BlasteR\AppData\Local\Temp\idea_testng.tmp
java_class_path (initial): C:\Program Files\JetBrains\IntelliJ IDEA Community Edition 2021.1.2\lib\idea_rt.jar;C:\Program Files\JetBrains\IntelliJ IDEA Community Edition 2021.1.2\plugins\testng\lib\testng-rt.jar;C:\Program Files\Java\jdk1.8.0_191\jre\lib\charsets.jar;C:\Program Files\Java\jdk1.8.0_191\jre\lib\deploy.jar;C:\Program Files\Java\jdk1.8.0_191\jre\lib\ext\access-bridge-64.jar;C:\Program Files\Java\jdk1.8.0_191\jre\lib\ext\cldrdata.jar;C:\Program Files\Java\jdk1.8.0_191\jre\lib\ext\dnsns.jar;C:\Program Files\Java\jdk1.8.0_191\jre\lib\ext\jaccess.jar;C:\Program Files\Java\jdk1.8.0_191\jre\lib\ext\jfxrt.jar;C:\Program Files\Java\jdk1.8.0_191\jre\lib\ext\localedata.jar;C:\Program Files\Java\jdk1.8.0_191\jre\lib\ext\nashorn.jar;C:\Program Files\Java\jdk1.8.0_191\jre\lib\ext\sunec.jar;C:\Program Files\Java\jdk1.8.0_191\jre\lib\ext\sunjce_provider.jar;C:\Program Files\Java\jdk1.8.0_191\jre\lib\ext\sunmscapi.jar;C:\Program Files\Java\jdk1.8.0_191\jre\lib\ext\sunpkcs11.jar;C:\Program Files\Java\jdk1.8.0_191\jre\lib\ext\zipfs.jar;C:\Program Files\Java\jdk1.8.0_191\jre\lib\javaws.jar;C:\Program Files\Java\jdk1.8.0_191\jre\lib\jce.jar;C:\Program Files\Java\jdk1.8.0_191\jre\lib\jfr.jar;C:\Program Files\Java\jdk1.8.0_191\jre\lib\jfxswt.jar;C:\Program Files\Java\jdk1.8.0_191\jre\lib\jsse.jar;C:\Program Files\Java\jdk1.8.0_191\jre\lib\management-agent.jar;C:\Program Files\Java\jdk1.8.0_191\jre\lib\plugin.jar;C:\Program Files\Java\jdk1.8.0_191\jre\lib\resources.jar;C:\Program Files\Java\jdk1.8.0_191\jre\lib\rt.jar;H:\New_test 2021\CoinSelenide\target\test-classes;C:\Users\BlasteR\.m2\repository\org\testng\testng\7.4.0\testng-7.4.0.jar;C:\Users\BlasteR\.m2\repository\com\beust\jcommander\1.78\jcommander-1.78.jar;C:\Users\BlasteR\.m2\repository\org\webjars\jquery\3.5.1\jquery-3.5.1.jar;C:\Users\BlasteR\.m2\repository\com\codeborne\selenide\5.22.0\selenide-5.22.0.jar;C:\Users\BlasteR\.m2\repository\org\seleniumhq\selenium\selenium-java\3.141.59\selenium-java-3.141.59.jar;C
Launcher Type: SUN_STANDARD

Environment Variables:
JAVA_HOME=c:\Program Files\Java\jdk1.8.0_191
PATH=C:\app\BlasteR\product\18.0.0\dbhomeXE\bin;C:\Program Files (x86)\Common Files\Oracle\Java\javapath;C:\Windows\system32;C:\Windows;C:\Windows\System32\Wbem;C:\Windows\System32\WindowsPowerShell\v1.0\;C:\Windows\System32\OpenSSH\;C:\Program Files (x86)\NVIDIA Corporation\PhysX\Common;C:\Users\BlasteR\AppData\Local\Microsoft\WindowsApps;C:\Users\BlasteR\AppData\Local\GitHubDesktop\bin;C:\Program Files\Git\cmd;c:\Program Files\Java\jdk1.8.0_191\bin;C:\tolls\apache-maven-3.8.1\bin;C:\WINDOWS\system32;C:\WINDOWS;C:\WINDOWS\System32\Wbem;C:\WINDOWS\System32\WindowsPowerShell\v1.0\;C:\WINDOWS\System32\OpenSSH\;C:\Program Files\nodejs\;C:\Program Files\NVIDIA Corporation\NVIDIA NvDLISR;C:\WINDOWS\system32;C:\WINDOWS;C:\WINDOWS\System32\Wbem;C:\WINDOWS\System32\WindowsPowerShell\v1.0\;C:\WINDOWS\System32\OpenSSH\;C:\Program Files\MySQL\MySQL Shell 8.0\bin\;C:\Program Files (x86)\Common Files\Oracle\Java\javapath;C:\Windows\system32;C:\Windows;C:\Windows\System32\Wbem;C:\Windows\System32\WindowsPowerShell\v1.0\;C:\Windows\System32\OpenSSH\;C:\Program Files (x86)\NVIDIA Corporation\PhysX\Common;C:\Users\BlasteR\AppData\Local\Microsoft\WindowsApps;C:\Users\BlasteR\AppData\Local\GitHubDesktop\bin;C:\Program Files\Git\cmd;;C:\Program Files\JetBrains\IntelliJ IDEA Community Edition 2020.1.1\bin;;C:\Users\BlasteR\AppData\Local\Microsoft\WindowsApps;C:\Users\BlasteR\AppData\Roaming\npm
USERNAME=BlasteR
OS=Windows_NT
PROCESSOR_IDENTIFIER=AMD64 Family 21 Model 2 Stepping 0, AuthenticAMD



---------------  S Y S T E M  ---------------

OS: Windows 10.0 , 64 bit Build 19041 (10.0.19041.1023)

CPU:total 8 (initial active 8) (8 cores per cpu, 1 threads per core) family 21 model 2 stepping 0, cmov, cx8, fxsr, mmx, sse, sse2, sse3, ssse3, sse4.1, sse4.2, popcnt, avx, aes, clmul, mmxext, 3dnowpref, lzcnt, sse4a, tsc, tscinvbit, tscinv, bmi1

Memory: 4k page, physical 8286376k(412372k free), swap 20574376k(4844k free)

vm_info: Java HotSpot(TM) 64-Bit Server VM (25.191-b12) for windows-amd64 JRE (1.8.0_191-b12), built on Oct  6 2018 09:29:03 by "java_re" with MS VC++ 10.0 (VS2010)

time: Wed Jul 14 21:03:39 2021
elapsed time: 6 seconds (0d 0h 0m 6s)

