#
#  EXCEPTION_STACK_OVERFLOW (0xc00000fd) at pc=0x0000000064004d37, pid=1832, tid=0x0000000000003dc4
#
# JRE version: Java(TM) SE Runtime Environment (8.0_191-b12) (build 1.8.0_191-b12)
# Java VM: Java HotSpot(TM) 64-Bit Server VM (25.191-b12 mixed mode windows-amd64 compressed oops)
# Problematic frame:
# V  [jvm.dll+0x214d37]
#
# Failed to write core dump. Minidumps are not enabled by default on client versions of Windows
#
# If you would like to submit a bug report, please visit:
#   http://bugreport.java.com/bugreport/crash.jsp
#

---------------  T H R E A D  ---------------

Current thread (0x000000001a0d2800):  JavaThread "AWT-Shutdown" [_thread_in_vm, id=15812, stack(0x000000001dbc0000,0x000000001dcc0000)]

siginfo: ExceptionCode=0xc00000fd, ExceptionInformation=0x0000000000000001 0x000000001dcbc250 

Registers:
RAX=0x000000001dcbc250, RBX=0x0000000000000004, RCX=0x0000000000003000, RDX=0x0000000000000006
RSP=0x000000001dcbf250, RBP=0x0000000000000000, RSI=0x000000001dcbf250, RDI=0x0000000000000004
R8 =0x0000000000000006, R9 =0x000000001c8b6620, R10=0x00000000178de1d8, R11=0x000000001dbca148
R12=0x000000001c8b6620, R13=0x000000001a0d2800, R14=0x000000001dcbf318, R15=0x00000000178de1d8
RIP=0x0000000064004d37, EFLAGS=0x0000000000010206

Top of Stack: (sp=0x000000001dcbf250)
0x000000001dcbf250:   00002116414cace3 0000000100006bd0
0x000000001dcbf260:   000000001a0d2800 000000001c8b6620
0x000000001dcbf270:   00000000ffffffff 0000000064005c67
0x000000001dcbf280:   000000001dcbf380 00000000178de1d8
0x000000001dcbf290:   000000001a0d2800 0000000063eb1213
0x000000001dcbf2a0:   000000001dcbf2e0 000000001a0d2800
0x000000001dcbf2b0:   000000001dcbf370 000000001a0d2800
0x000000001dcbf2c0:   00000000178de1d8 000000001a0d2800
0x000000001dcbf2d0:   0000000003313be0 000000001a0d2800
0x000000001dcbf2e0:   00000000178de1d8 000000001a0d2800
0x000000001dcbf2f0:   00000000178de1d8 000000001a0d2800
0x000000001dcbf300:   0000000000000001 00000000178de1d8
0x000000001dcbf310:   000000001a0d2800 000000001b522050
0x000000001dcbf320:   000000001a0d2800 0000000063eb297d
0x000000001dcbf330:   000000001dcbf638 0000000100006bd0
0x000000001dcbf340:   0000000100006bd0 0000000000000000 

Instructions: (pc=0x0000000064004d37)
0x0000000064004d17:   48 89 6c 24 30 33 ed 66 90 e8 1b 4e 08 00 ff c3
0x0000000064004d27:   48 63 c8 48 8b c6 48 0f af cf 48 ff c7 48 2b c1
0x0000000064004d37:   89 28 48 63 c3 48 3b 05 65 8b 59 00 7e db 48 8b
0x0000000064004d47:   6c 24 30 48 8b 5c 24 38 48 8b 74 24 40 48 83 c4 


Register to memory mapping:

RAX=0x000000001dcbc250 is pointing into the stack for thread: 0x000000001a0d2800
RBX=0x0000000000000004 is an unknown value
RCX=0x0000000000003000 is an unknown value
RDX=0x0000000000000006 is an unknown value
RSP=0x000000001dcbf250 is pointing into the stack for thread: 0x000000001a0d2800
RBP=0x0000000000000000 is an unknown value
RSI=0x000000001dcbf250 is pointing into the stack for thread: 0x000000001a0d2800
RDI=0x0000000000000004 is an unknown value
R8 =0x0000000000000006 is an unknown value
R9 =0x000000001c8b6620 is an unknown value
R10={method} {0x00000000178de1e0} 'run' '()V' in 'java/lang/Thread'
R11=0x000000001dbca148 is pointing into the stack for thread: 0x000000001a0d2800
R12=0x000000001c8b6620 is an unknown value
R13=0x000000001a0d2800 is a thread
R14=0x000000001dcbf318 is pointing into the stack for thread: 0x000000001a0d2800
R15={method} {0x00000000178de1e0} 'run' '()V' in 'java/lang/Thread'


Stack: [0x000000001dbc0000,0x000000001dcc0000],  sp=0x000000001dcbf250,  free space=1020k
Native frames: (J=compiled Java code, j=interpreted, Vv=VM code, C=native code)


---------------  P R O C E S S  ---------------

Java Threads: ( => current thread )
=>0x000000001a0d2800 JavaThread "AWT-Shutdown" [_thread_in_vm, id=15812, stack(0x000000001dbc0000,0x000000001dcc0000)]
  0x000000001a0d1000 JavaThread "qtp225909961-57" [_thread_blocked, id=13500, stack(0x000000001f6f0000,0x000000001f7f0000)]
  0x000000001a0d2000 JavaThread "qtp225909961-54" [_thread_blocked, id=8208, stack(0x000000001f4f0000,0x000000001f5f0000)]
  0x000000001a0ce000 JavaThread "qtp225909961-53" [_thread_blocked, id=8932, stack(0x000000001f3f0000,0x000000001f4f0000)]
  0x000000001a0d3800 JavaThread "Scheduler-6422064" [_thread_blocked, id=12232, stack(0x000000001ecf0000,0x000000001edf0000)]
  0x000000001a0cd800 JavaThread "AWT-Windows" daemon [_thread_blocked, id=6180, stack(0x000000001ea10000,0x000000001eb10000)]
  0x000000001c61e000 JavaThread "Java2D Disposer" daemon [_thread_blocked, id=14728, stack(0x000000001e810000,0x000000001e910000)]
  0x000000001c5f2800 JavaThread "qtp225909961-47" [_thread_in_native, id=8536, stack(0x000000001e5c0000,0x000000001e6c0000)]
  0x000000001c5f2000 JavaThread "qtp225909961-46" [_thread_in_native, id=17244, stack(0x000000001e4c0000,0x000000001e5c0000)]
  0x000000001c5f1000 JavaThread "qtp225909961-45" [_thread_in_native, id=1880, stack(0x000000001e3c0000,0x000000001e4c0000)]
  0x000000001c5f0800 JavaThread "qtp225909961-44-acceptor-0@72823f46-ServerConnector@7c45df66{HTTP/1.1,[http/1.1]}{0.0.0.0:57228}" [_thread_in_native, id=11456, stack(0x000000001e2c0000,0x000000001e3c0000)]
  0x000000001c5ef800 JavaThread "qtp225909961-43" [_thread_in_native, id=10852, stack(0x000000001e1c0000,0x000000001e2c0000)]
  0x000000001a10e000 JavaThread "Service Thread" daemon [_thread_blocked, id=13560, stack(0x000000001ad90000,0x000000001ae90000)]
  0x000000001a0cf800 JavaThread "C1 CompilerThread3" daemon [_thread_blocked, id=5936, stack(0x000000001ac90000,0x000000001ad90000)]
  0x000000001a0c5800 JavaThread "C2 CompilerThread2" daemon [_thread_blocked, id=16828, stack(0x000000001ab90000,0x000000001ac90000)]
  0x000000001a0c1000 JavaThread "C2 CompilerThread1" daemon [_thread_blocked, id=15012, stack(0x000000001aa90000,0x000000001ab90000)]
  0x000000001a0bd800 JavaThread "C2 CompilerThread0" daemon [_thread_blocked, id=3872, stack(0x000000001a990000,0x000000001aa90000)]
  0x000000001a0b8800 JavaThread "Attach Listener" daemon [_thread_blocked, id=11052, stack(0x000000001a890000,0x000000001a990000)]
  0x00000000182a7800 JavaThread "Signal Dispatcher" daemon [_thread_blocked, id=10320, stack(0x000000001a790000,0x000000001a890000)]
  0x000000001a0a1000 JavaThread "Finalizer" daemon [_thread_blocked, id=13136, stack(0x000000001a580000,0x000000001a680000)]
  0x000000001a0a0800 JavaThread "Reference Handler" daemon [_thread_blocked, id=8220, stack(0x000000001a480000,0x000000001a580000)]
  0x0000000003195800 JavaThread "main" [_thread_blocked, id=3708, stack(0x0000000003040000,0x0000000003140000)]

Other Threads:
  0x0000000018299800 VMThread [stack: 0x0000000019f80000,0x000000001a080000] [id=15780]
  0x000000001a10f800 WatcherThread [stack: 0x000000001ae90000,0x000000001af90000] [id=14856]

VM state:not at safepoint (normal execution)

VM Mutex/Monitor currently owned by a thread: None

Heap:
 PSYoungGen      total 71680K, used 60375K [0x00000000d5d80000, 0x00000000de980000, 0x0000000100000000)
  eden space 66560K, 90% used [0x00000000d5d80000,0x00000000d9875f50,0x00000000d9e80000)
  from space 5120K, 0% used [0x00000000d9e80000,0x00000000d9e80000,0x00000000da380000)
  to   space 5120K, 0% used [0x00000000de480000,0x00000000de480000,0x00000000de980000)
 ParOldGen       total 57856K, used 6678K [0x0000000081800000, 0x0000000085080000, 0x00000000d5d80000)
  object space 57856K, 11% used [0x0000000081800000,0x0000000081e859e0,0x0000000085080000)
 Metaspace       used 29238K, capacity 31056K, committed 31360K, reserved 1077248K
  class space    used 3531K, capacity 3857K, committed 3968K, reserved 1048576K

Card table byte_map: [0x00000000126c0000,0x0000000012ac0000] byte_map_base: 0x00000000122b4000

Marking Bits: (ParMarkBitMap*) 0x0000000064613e30
 Begin Bits: [0x0000000013570000, 0x0000000015510000)
 End Bits:   [0x0000000015510000, 0x00000000174b0000)

Polling page: 0x0000000001870000

CodeCache: size=245760Kb used=9412Kb max_used=9412Kb free=236347Kb
 bounds [0x0000000003300000, 0x0000000003c40000, 0x0000000012300000]
 total_blobs=3523 nmethods=2991 adapters=445
 compilation: enabled

Compilation events (10 events):
Event: 1212.816 Thread 0x000000001a0cf800 2987       1       org.eclipse.jetty.util.thread.QueuedThreadPool::access$400 (5 bytes)
Event: 1212.816 Thread 0x000000001a0cf800 nmethod 2987 0x0000000003c33d50 code [0x0000000003c33ea0, 0x0000000003c33f90]
Event: 1863.757 Thread 0x000000001a0cf800 2988       1       org.eclipse.jetty.util.thread.QueuedThreadPool::access$500 (5 bytes)
Event: 1863.757 Thread 0x000000001a0cf800 nmethod 2988 0x0000000003c34010 code [0x0000000003c34160, 0x0000000003c34250]
Event: 1932.927 Thread 0x000000001a0cf800 2989       1       org.eclipse.jetty.util.thread.QueuedThreadPool::access$600 (5 bytes)
Event: 1932.927 Thread 0x000000001a0cf800 nmethod 2989 0x0000000003c342d0 code [0x0000000003c34420, 0x0000000003c34510]
Event: 2763.893 Thread 0x000000001a0cf800 2991       3       java.util.concurrent.locks.AbstractQueuedSynchronizer::compareAndSetTail (13 bytes)
Event: 2763.894 Thread 0x000000001a0cf800 nmethod 2991 0x0000000003c34910 code [0x0000000003c34a60, 0x0000000003c34bf0]
Event: 2943.920 Thread 0x000000001a0cf800 2992       3       java.util.concurrent.locks.AbstractQueuedSynchronizer::setHead (16 bytes)
Event: 2943.921 Thread 0x000000001a0cf800 nmethod 2992 0x0000000003c34c50 code [0x0000000003c34da0, 0x0000000003c34f50]

GC Heap History (8 events):
Event: 0.914 GC heap before
{Heap before GC invocations=1 (full 0):
 PSYoungGen      total 38400K, used 33280K [0x00000000d5d80000, 0x00000000d8800000, 0x0000000100000000)
  eden space 33280K, 100% used [0x00000000d5d80000,0x00000000d7e00000,0x00000000d7e00000)
  from space 5120K, 0% used [0x00000000d8300000,0x00000000d8300000,0x00000000d8800000)
  to   space 5120K, 0% used [0x00000000d7e00000,0x00000000d7e00000,0x00000000d8300000)
 ParOldGen       total 87552K, used 0K [0x0000000081800000, 0x0000000086d80000, 0x00000000d5d80000)
  object space 87552K, 0% used [0x0000000081800000,0x0000000081800000,0x0000000086d80000)
 Metaspace       used 12737K, capacity 13354K, committed 13440K, reserved 1060864K
  class space    used 1476K, capacity 1589K, committed 1664K, reserved 1048576K
Event: 0.925 GC heap after
Heap after GC invocations=1 (full 0):
 PSYoungGen      total 38400K, used 5088K [0x00000000d5d80000, 0x00000000da880000, 0x0000000100000000)
  eden space 33280K, 0% used [0x00000000d5d80000,0x00000000d5d80000,0x00000000d7e00000)
  from space 5120K, 99% used [0x00000000d7e00000,0x00000000d82f83f0,0x00000000d8300000)
  to   space 5120K, 0% used [0x00000000da380000,0x00000000da380000,0x00000000da880000)
 ParOldGen       total 87552K, used 2630K [0x0000000081800000, 0x0000000086d80000, 0x00000000d5d80000)
  object space 87552K, 3% used [0x0000000081800000,0x0000000081a91a50,0x0000000086d80000)
 Metaspace       used 12737K, capacity 13354K, committed 13440K, reserved 1060864K
  class space    used 1476K, capacity 1589K, committed 1664K, reserved 1048576K
}
Event: 1.617 GC heap before
{Heap before GC invocations=2 (full 0):
 PSYoungGen      total 38400K, used 38368K [0x00000000d5d80000, 0x00000000da880000, 0x0000000100000000)
  eden space 33280K, 100% used [0x00000000d5d80000,0x00000000d7e00000,0x00000000d7e00000)
  from space 5120K, 99% used [0x00000000d7e00000,0x00000000d82f83f0,0x00000000d8300000)
  to   space 5120K, 0% used [0x00000000da380000,0x00000000da380000,0x00000000da880000)
 ParOldGen       total 87552K, used 2630K [0x0000000081800000, 0x0000000086d80000, 0x00000000d5d80000)
  object space 87552K, 3% used [0x0000000081800000,0x0000000081a91a50,0x0000000086d80000)
 Metaspace       used 18689K, capacity 20024K, committed 20224K, reserved 1067008K
  class space    used 2238K, capacity 2464K, committed 2560K, reserved 1048576K
Event: 1.630 GC heap after
Heap after GC invocations=2 (full 0):
 PSYoungGen      total 71680K, used 5104K [0x00000000d5d80000, 0x00000000da880000, 0x0000000100000000)
  eden space 66560K, 0% used [0x00000000d5d80000,0x00000000d5d80000,0x00000000d9e80000)
  from space 5120K, 99% used [0x00000000da380000,0x00000000da87c010,0x00000000da880000)
  to   space 5120K, 0% used [0x00000000d9e80000,0x00000000d9e80000,0x00000000da380000)
 ParOldGen       total 87552K, used 5664K [0x0000000081800000, 0x0000000086d80000, 0x00000000d5d80000)
  object space 87552K, 6% used [0x0000000081800000,0x0000000081d88238,0x0000000086d80000)
 Metaspace       used 18689K, capacity 20024K, committed 20224K, reserved 1067008K
  class space    used 2238K, capacity 2464K, committed 2560K, reserved 1048576K
}
Event: 1.746 GC heap before
{Heap before GC invocations=3 (full 0):
 PSYoungGen      total 71680K, used 17119K [0x00000000d5d80000, 0x00000000da880000, 0x0000000100000000)
  eden space 66560K, 18% used [0x00000000d5d80000,0x00000000d693bdb8,0x00000000d9e80000)
  from space 5120K, 99% used [0x00000000da380000,0x00000000da87c010,0x00000000da880000)
  to   space 5120K, 0% used [0x00000000d9e80000,0x00000000d9e80000,0x00000000da380000)
 ParOldGen       total 87552K, used 5664K [0x0000000081800000, 0x0000000086d80000, 0x00000000d5d80000)
  object space 87552K, 6% used [0x0000000081800000,0x0000000081d88238,0x0000000086d80000)
 Metaspace       used 19825K, capacity 21134K, committed 21296K, reserved 1069056K
  class space    used 2367K, capacity 2599K, committed 2688K, reserved 1048576K
Event: 1.754 GC heap after
Heap after GC invocations=3 (full 0):
 PSYoungGen      total 71680K, used 5104K [0x00000000d5d80000, 0x00000000de980000, 0x0000000100000000)
  eden space 66560K, 0% used [0x00000000d5d80000,0x00000000d5d80000,0x00000000d9e80000)
  from space 5120K, 99% used [0x00000000d9e80000,0x00000000da37c050,0x00000000da380000)
  to   space 5120K, 0% used [0x00000000de480000,0x00000000de480000,0x00000000de980000)
 ParOldGen       total 87552K, used 6680K [0x0000000081800000, 0x0000000086d80000, 0x00000000d5d80000)
  object space 87552K, 7% used [0x0000000081800000,0x0000000081e86288,0x0000000086d80000)
 Metaspace       used 19825K, capacity 21134K, committed 21296K, reserved 1069056K
  class space    used 2367K, capacity 2599K, committed 2688K, reserved 1048576K
}
Event: 1.754 GC heap before
{Heap before GC invocations=4 (full 1):
 PSYoungGen      total 71680K, used 5104K [0x00000000d5d80000, 0x00000000de980000, 0x0000000100000000)
  eden space 66560K, 0% used [0x00000000d5d80000,0x00000000d5d80000,0x00000000d9e80000)
  from space 5120K, 99% used [0x00000000d9e80000,0x00000000da37c050,0x00000000da380000)
  to   space 5120K, 0% used [0x00000000de480000,0x00000000de480000,0x00000000de980000)
 ParOldGen       total 87552K, used 6680K [0x0000000081800000, 0x0000000086d80000, 0x00000000d5d80000)
  object space 87552K, 7% used [0x0000000081800000,0x0000000081e86288,0x0000000086d80000)
 Metaspace       used 19825K, capacity 21134K, committed 21296K, reserved 1069056K
  class space    used 2367K, capacity 2599K, committed 2688K, reserved 1048576K
Event: 1.789 GC heap after
Heap after GC invocations=4 (full 1):
 PSYoungGen      total 71680K, used 0K [0x00000000d5d80000, 0x00000000de980000, 0x0000000100000000)
  eden space 66560K, 0% used [0x00000000d5d80000,0x00000000d5d80000,0x00000000d9e80000)
  from space 5120K, 0% used [0x00000000d9e80000,0x00000000d9e80000,0x00000000da380000)
  to   space 5120K, 0% used [0x00000000de480000,0x00000000de480000,0x00000000de980000)
 ParOldGen       total 57856K, used 6678K [0x0000000081800000, 0x0000000085080000, 0x00000000d5d80000)
  object space 57856K, 11% used [0x0000000081800000,0x0000000081e859e0,0x0000000085080000)
 Metaspace       used 19825K, capacity 21134K, committed 21296K, reserved 1069056K
  class space    used 2367K, capacity 2599K, committed 2688K, reserved 1048576K
}

Deoptimization events (10 events):
Event: 2.598 Thread 0x0000000003195800 Uncommon trap: reason=class_check action=maybe_recompile pc=0x0000000003674eb8 method=java.util.regex.Pattern$CharProperty$1.isSatisfiedBy(I)Z @ 5
Event: 2.619 Thread 0x0000000003195800 Uncommon trap: reason=unstable_if action=reinterpret pc=0x0000000003a2c744 method=java.util.regex.Pattern$BmpCharProperty.match(Ljava/util/regex/Matcher;ILjava/lang/CharSequence;)Z @ 34
Event: 2.641 Thread 0x0000000003195800 Uncommon trap: reason=unstable_if action=reinterpret pc=0x0000000003a08d0c method=java.io.BufferedReader.readLine(Z)Ljava/lang/String; @ 55
Event: 2.641 Thread 0x0000000003195800 Uncommon trap: reason=unstable_if action=reinterpret pc=0x0000000003a02f5c method=java.io.BufferedReader.readLine(Z)Ljava/lang/String; @ 55
Event: 2.678 Thread 0x0000000003195800 Uncommon trap: reason=class_check action=maybe_recompile pc=0x0000000003ac9c5c method=java.util.regex.Matcher.search(I)Z @ 86
Event: 2.678 Thread 0x0000000003195800 Uncommon trap: reason=class_check action=maybe_recompile pc=0x0000000003ac9c5c method=java.util.regex.Matcher.search(I)Z @ 86
Event: 2.678 Thread 0x0000000003195800 Uncommon trap: reason=class_check action=maybe_recompile pc=0x0000000003ac9c5c method=java.util.regex.Matcher.search(I)Z @ 86
Event: 2.678 Thread 0x0000000003195800 Uncommon trap: reason=class_check action=maybe_recompile pc=0x0000000003ac9c5c method=java.util.regex.Matcher.search(I)Z @ 86
Event: 3.178 Thread 0x000000001c5f2000 Uncommon trap: reason=unstable_if action=reinterpret pc=0x0000000003a0a668 method=java.util.concurrent.ConcurrentHashMap.putVal(Ljava/lang/Object;Ljava/lang/Object;Z)Ljava/lang/Object; @ 98
Event: 3.216 Thread 0x000000001c5ee800 Uncommon trap: reason=unstable_if action=reinterpret pc=0x0000000003a5864c method=java.lang.ThreadLocal$ThreadLocalMap.getEntry(Ljava/lang/ThreadLocal;)Ljava/lang/ThreadLocal$ThreadLocalMap$Entry; @ 29

Classes redefined (0 events):
No events

Internal exceptions (10 events):
Event: 2.541 Thread 0x0000000003195800 Exception <a 'sun/nio/fs/WindowsException'> (0x00000000d62f2908) thrown at [C:\re\workspace\8-2-build-windows-amd64-cygwin\jdk8u191\11896\hotspot\src\share\vm\prims\jni.cpp, line 709]
Event: 2.543 Thread 0x0000000003195800 Exception <a 'sun/nio/fs/WindowsException'> (0x00000000d6303080) thrown at [C:\re\workspace\8-2-build-windows-amd64-cygwin\jdk8u191\11896\hotspot\src\share\vm\prims\jni.cpp, line 709]
Event: 2.549 Thread 0x0000000003195800 Exception <a 'java/lang/ClassNotFoundException': io/qameta/allure/csv/CsvExportBehaviorBeanInfo> (0x00000000d7debb58) thrown at [C:\re\workspace\8-2-build-windows-amd64-cygwin\jdk8u191\11896\hotspot\src\share\vm\classfile\systemDictionary.cpp, line 210]
Event: 2.549 Thread 0x0000000003195800 Exception <a 'java/lang/ClassNotFoundException': io/qameta/allure/csv/CsvExportBehaviorCustomizer> (0x00000000d7df6860) thrown at [C:\re\workspace\8-2-build-windows-amd64-cygwin\jdk8u191\11896\hotspot\src\share\vm\classfile\systemDictionary.cpp, line 210]
Event: 2.553 Thread 0x0000000003195800 Exception <a 'sun/nio/fs/WindowsException'> (0x00000000d7e173e8) thrown at [C:\re\workspace\8-2-build-windows-amd64-cygwin\jdk8u191\11896\hotspot\src\share\vm\prims\jni.cpp, line 709]
Event: 2.556 Thread 0x0000000003195800 Exception <a 'sun/nio/fs/WindowsException'> (0x00000000d7e287f0) thrown at [C:\re\workspace\8-2-build-windows-amd64-cygwin\jdk8u191\11896\hotspot\src\share\vm\prims\jni.cpp, line 709]
Event: 2.602 Thread 0x0000000003195800 Exception <a 'java/lang/NoSuchMethodError': java.lang.Object.lambda$static$0(Ljava/lang/Runnable;)Z> (0x00000000d84f2a38) thrown at [C:\re\workspace\8-2-build-windows-amd64-cygwin\jdk8u191\11896\hotspot\src\share\vm\interpreter\linkResolver.cpp, line 620]
Event: 2.646 Thread 0x0000000003195800 Exception <a 'java/lang/ClassNotFoundException': sun/net/www/protocol/c/Handler> (0x00000000d87cf478) thrown at [C:\re\workspace\8-2-build-windows-amd64-cygwin\jdk8u191\11896\hotspot\src\share\vm\classfile\systemDictionary.cpp, line 210]
Event: 2.649 Thread 0x0000000003195800 Exception <a 'sun/nio/fs/WindowsException'> (0x00000000d87ec238) thrown at [C:\re\workspace\8-2-build-windows-amd64-cygwin\jdk8u191\11896\hotspot\src\share\vm\prims\jni.cpp, line 709]
Event: 2.743 Thread 0x0000000003195800 Exception <a 'java/io/FileNotFoundException'> (0x00000000d8d7cdd0) thrown at [C:\re\workspace\8-2-build-windows-amd64-cygwin\jdk8u191\11896\hotspot\src\share\vm\prims\jni.cpp, line 709]

Events (10 events):
Event: 2796.023 loading class sun/java2d/windows/WindowsFlags$1
Event: 2796.024 loading class sun/java2d/windows/WindowsFlags$1 done
Event: 2796.049 loading class sun/java2d/WindowsSurfaceManagerFactory
Event: 2796.049 loading class sun/java2d/SurfaceManagerFactory
Event: 2796.052 loading class sun/java2d/SurfaceManagerFactory done
Event: 2796.052 loading class sun/java2d/WindowsSurfaceManagerFactory done
Event: 2798.144 Executing VM operation: RevokeBias
Event: 2798.144 Executing VM operation: RevokeBias done
Event: 2798.144 Thread 0x000000001a0d0800 Thread exited: 0x000000001a0d0800
Event: 3107.098 Thread 0x000000001a0d2800 Thread added: 0x000000001a0d2800


Dynamic libraries:
0x00007ff7a8900000 - 0x00007ff7a8937000 	c:\Program Files\Java\jdk1.8.0_191\bin\java.exe
0x00007ffc74fb0000 - 0x00007ffc751a5000 	C:\WINDOWS\SYSTEM32\ntdll.dll
0x00007ffc748e0000 - 0x00007ffc7499d000 	C:\WINDOWS\System32\KERNEL32.DLL
0x00007ffc72910000 - 0x00007ffc72bd9000 	C:\WINDOWS\System32\KERNELBASE.dll
0x00007ffc749a0000 - 0x00007ffc74a4c000 	C:\WINDOWS\System32\ADVAPI32.dll
0x00007ffc747e0000 - 0x00007ffc7487e000 	C:\WINDOWS\System32\msvcrt.dll
0x00007ffc74e50000 - 0x00007ffc74eeb000 	C:\WINDOWS\System32\sechost.dll
0x00007ffc73f50000 - 0x00007ffc7407a000 	C:\WINDOWS\System32\RPCRT4.dll
0x00007ffc73020000 - 0x00007ffc731c0000 	C:\WINDOWS\System32\USER32.dll
0x00007ffc72e90000 - 0x00007ffc72eb2000 	C:\WINDOWS\System32\win32u.dll
0x00007ffc73e00000 - 0x00007ffc73e2a000 	C:\WINDOWS\System32\GDI32.dll
0x00007ffc72750000 - 0x00007ffc7285b000 	C:\WINDOWS\System32\gdi32full.dll
0x00007ffc72ec0000 - 0x00007ffc72f5d000 	C:\WINDOWS\System32\msvcp_win.dll
0x00007ffc72be0000 - 0x00007ffc72ce0000 	C:\WINDOWS\System32\ucrtbase.dll
0x00007ffc51cd0000 - 0x00007ffc51f6a000 	C:\WINDOWS\WinSxS\amd64_microsoft.windows.common-controls_6595b64144ccf1df_6.0.19041.1083_none_60bbe31371f34e71\COMCTL32.dll
0x00007ffc748b0000 - 0x00007ffc748e0000 	C:\WINDOWS\System32\IMM32.DLL
0x00000000646a0000 - 0x0000000064772000 	c:\Program Files\Java\jdk1.8.0_191\jre\bin\msvcr100.dll
0x0000000063df0000 - 0x0000000064694000 	c:\Program Files\Java\jdk1.8.0_191\jre\bin\server\jvm.dll
0x00007ffc747d0000 - 0x00007ffc747d8000 	C:\WINDOWS\System32\PSAPI.DLL
0x00007ffc6c560000 - 0x00007ffc6c56a000 	C:\WINDOWS\SYSTEM32\VERSION.dll
0x00007ffc64330000 - 0x00007ffc64339000 	C:\WINDOWS\SYSTEM32\WSOCK32.dll
0x00007ffc679d0000 - 0x00007ffc679f7000 	C:\WINDOWS\SYSTEM32\WINMM.dll
0x00007ffc74b80000 - 0x00007ffc74beb000 	C:\WINDOWS\System32\WS2_32.dll
0x0000000063de0000 - 0x0000000063def000 	c:\Program Files\Java\jdk1.8.0_191\jre\bin\verify.dll
0x0000000063db0000 - 0x0000000063dd9000 	c:\Program Files\Java\jdk1.8.0_191\jre\bin\java.dll
0x0000000063d90000 - 0x0000000063da6000 	c:\Program Files\Java\jdk1.8.0_191\jre\bin\zip.dll
0x00007ffc73220000 - 0x00007ffc7395f000 	C:\WINDOWS\System32\SHELL32.dll
0x00007ffc70840000 - 0x00007ffc70fd1000 	C:\WINDOWS\SYSTEM32\windows.storage.dll
0x00007ffc739f0000 - 0x00007ffc73d45000 	C:\WINDOWS\System32\combase.dll
0x00007ffc72080000 - 0x00007ffc720ac000 	C:\WINDOWS\SYSTEM32\Wldp.dll
0x00007ffc73ea0000 - 0x00007ffc73f4e000 	C:\WINDOWS\System32\SHCORE.dll
0x00007ffc74300000 - 0x00007ffc74355000 	C:\WINDOWS\System32\shlwapi.dll
0x00007ffc72630000 - 0x00007ffc7264f000 	C:\WINDOWS\SYSTEM32\profapi.dll
0x00007ffc71fd0000 - 0x00007ffc71fe8000 	C:\WINDOWS\SYSTEM32\CRYPTSP.dll
0x00007ffc71790000 - 0x00007ffc717c4000 	C:\WINDOWS\system32\rsaenh.dll
0x00007ffc72f60000 - 0x00007ffc72f87000 	C:\WINDOWS\System32\bcrypt.dll
0x00007ffc725f0000 - 0x00007ffc7261e000 	C:\WINDOWS\SYSTEM32\USERENV.dll
0x00007ffc72f90000 - 0x00007ffc73013000 	C:\WINDOWS\System32\bcryptprimitives.dll
0x00007ffc72420000 - 0x00007ffc7242c000 	C:\WINDOWS\SYSTEM32\CRYPTBASE.dll
0x0000000063d70000 - 0x0000000063d8a000 	C:\Program Files\Java\jdk1.8.0_191\jre\bin\net.dll
0x00007ffc71df0000 - 0x00007ffc71e5a000 	C:\WINDOWS\system32\mswsock.dll
0x00007ffc71ae0000 - 0x00007ffc71b1b000 	C:\WINDOWS\SYSTEM32\IPHLPAPI.DLL
0x00007ffc748a0000 - 0x00007ffc748a8000 	C:\WINDOWS\System32\NSI.dll
0x00007ffc6c870000 - 0x00007ffc6c887000 	C:\WINDOWS\SYSTEM32\dhcpcsvc6.DLL
0x00007ffc6c850000 - 0x00007ffc6c86d000 	C:\WINDOWS\SYSTEM32\dhcpcsvc.DLL
0x00007ffc71b20000 - 0x00007ffc71bec000 	C:\WINDOWS\SYSTEM32\DNSAPI.dll
0x0000000063d50000 - 0x0000000063d61000 	C:\Program Files\Java\jdk1.8.0_191\jre\bin\nio.dll
0x00007ffc71420000 - 0x00007ffc71453000 	C:\WINDOWS\SYSTEM32\ntmarta.dll
0x00007ffc4b5b0000 - 0x00007ffc4b5c7000 	C:\WINDOWS\system32\napinsp.dll
0x00007ffc4a000000 - 0x00007ffc4a01b000 	C:\WINDOWS\system32\pnrpnsp.dll
0x00007ffc49fe0000 - 0x00007ffc49ff5000 	C:\WINDOWS\system32\wshbth.dll
0x00007ffc6e1a0000 - 0x00007ffc6e1bd000 	C:\WINDOWS\system32\NLAapi.dll
0x00007ffc49fc0000 - 0x00007ffc49fd2000 	C:\WINDOWS\System32\winrnr.dll
0x00007ffc684e0000 - 0x00007ffc684ea000 	C:\Windows\System32\rasadhlp.dll
0x00007ffc67d40000 - 0x00007ffc67dbf000 	C:\WINDOWS\System32\fwpuclnt.dll
0x0000000063c40000 - 0x0000000063c64000 	C:\Program Files\Java\jdk1.8.0_191\jre\bin\sunec.dll
0x0000000063c30000 - 0x0000000063c3b000 	C:\Program Files\Java\jdk1.8.0_191\jre\bin\sunmscapi.dll
0x00007ffc72d30000 - 0x00007ffc72e8f000 	C:\WINDOWS\System32\CRYPT32.dll
0x0000000063c20000 - 0x0000000063c2d000 	C:\Program Files\Java\jdk1.8.0_191\jre\bin\management.dll
0x0000000063a80000 - 0x0000000063c19000 	C:\Program Files\Java\jdk1.8.0_191\jre\bin\awt.dll
0x00007ffc74080000 - 0x00007ffc7414d000 	C:\WINDOWS\System32\OLEAUT32.dll
0x00007ffc6ffc0000 - 0x00007ffc70050000 	C:\WINDOWS\SYSTEM32\apphelp.dll
0x00007ffc70180000 - 0x00007ffc7021e000 	C:\WINDOWS\system32\uxtheme.dll
0x00007ffc74c50000 - 0x00007ffc74d65000 	C:\WINDOWS\System32\MSCTF.dll
0x00007ffc74a50000 - 0x00007ffc74b7a000 	C:\WINDOWS\System32\ole32.dll
0x00007ffc70640000 - 0x00007ffc70652000 	C:\WINDOWS\SYSTEM32\kernel.appcore.dll
0x00007ffc6e310000 - 0x00007ffc6e406000 	C:\WINDOWS\SYSTEM32\PROPSYS.dll
0x00007ffc55210000 - 0x00007ffc553fc000 	C:\WINDOWS\SYSTEM32\urlmon.dll
0x00007ffc5df50000 - 0x00007ffc5e200000 	C:\WINDOWS\SYSTEM32\iertutil.dll
0x00007ffc73d50000 - 0x00007ffc73df9000 	C:\WINDOWS\System32\clbcatq.dll
0x00007ffc67040000 - 0x00007ffc6705d000 	C:\Windows\System32\Windows.Shell.ServiceHostBuilder.dll
0x00007ffc6ae10000 - 0x00007ffc6b5a7000 	C:\Windows\System32\OneCoreUAPCommonProxyStub.dll
0x00007ffc43fa0000 - 0x00007ffc440e6000 	C:\Windows\System32\Windows.StateRepositoryPS.dll
0x00007ffc6f260000 - 0x00007ffc6f3b4000 	C:\Windows\System32\WinTypes.dll
0x00007ffc4ed30000 - 0x00007ffc4ed54000 	C:\WINDOWS\SYSTEM32\edputil.dll
0x00007ffc6c360000 - 0x00007ffc6c36c000 	C:\WINDOWS\SYSTEM32\Secur32.dll
0x00007ffc725b0000 - 0x00007ffc725e1000 	C:\WINDOWS\SYSTEM32\SSPICLI.DLL
0x00007ffc3fd70000 - 0x00007ffc3fdb2000 	C:\WINDOWS\SYSTEM32\MLANG.dll
0x00007ffc50c30000 - 0x00007ffc5110d000 	C:\WINDOWS\SYSTEM32\WININET.dll
0x00007ffc47a40000 - 0x00007ffc47a8c000 	C:\Windows\System32\Windows.UI.AppDefaults.dll
0x00007ffc6d3c0000 - 0x00007ffc6d460000 	C:\WINDOWS\SYSTEM32\policymanager.dll
0x00007ffc71820000 - 0x00007ffc718aa000 	C:\WINDOWS\SYSTEM32\msvcp110_win.dll
0x00007ffc72ce0000 - 0x00007ffc72d2e000 	C:\WINDOWS\System32\CFGMGR32.dll
0x00007ffc50920000 - 0x00007ffc5099d000 	C:\Windows\System32\OneCoreCommonProxyStub.dll
0x00007ffc5e750000 - 0x00007ffc5e7fc000 	C:\WINDOWS\SYSTEM32\TextShaping.dll
0x00007ffc70460000 - 0x00007ffc7048f000 	C:\WINDOWS\system32\DWMAPI.DLL
0x00007ffc65000000 - 0x00007ffc651e4000 	C:\WINDOWS\SYSTEM32\dbghelp.dll

VM Arguments:
java_command: io.qameta.allure.CommandLine serve H:\New_test 2021\CoinSelenide\target\allure-results
java_class_path (initial): H:\New_test 2021\CoinSelenide\.allure\allure-2.10.0\bin\..\lib\allure-commandline-2.10.0.jar;H:\New_test 2021\CoinSelenide\.allure\allure-2.10.0\bin\..\lib\jcommander-1.72.jar;H:\New_test 2021\CoinSelenide\.allure\allure-2.10.0\bin\..\lib\allure-generator-2.10.0.jar;H:\New_test 2021\CoinSelenide\.allure\allure-2.10.0\bin\..\lib\allure-plugin-api-2.10.0.jar;H:\New_test 2021\CoinSelenide\.allure\allure-2.10.0\bin\..\lib\jackson-dataformat-xml-2.9.8.jar;H:\New_test 2021\CoinSelenide\.allure\allure-2.10.0\bin\..\lib\allure-model-2.9.0.jar;H:\New_test 2021\CoinSelenide\.allure\allure-2.10.0\bin\..\lib\jackson-module-jaxb-annotations-2.9.8.jar;H:\New_test 2021\CoinSelenide\.allure\allure-2.10.0\bin\..\lib\jackson-databind-2.9.8.jar;H:\New_test 2021\CoinSelenide\.allure\allure-2.10.0\bin\..\lib\jackson-dataformat-yaml-2.9.8.jar;H:\New_test 2021\CoinSelenide\.allure\allure-2.10.0\bin\..\lib\commons-io-2.6.jar;H:\New_test 2021\CoinSelenide\.allure\allure-2.10.0\bin\..\lib\jetty-server-9.4.14.v20181114.jar;H:\New_test 2021\CoinSelenide\.allure\allure-2.10.0\bin\..\lib\slf4j-log4j12-1.7.25.jar;H:\New_test 2021\CoinSelenide\.allure\allure-2.10.0\bin\..\lib\jackson-annotations-2.9.0.jar;H:\New_test 2021\CoinSelenide\.allure\allure-2.10.0\bin\..\lib\jackson-core-2.9.8.jar;H:\New_test 2021\CoinSelenide\.allure\allure-2.10.0\bin\..\lib\snakeyaml-1.23.jar;H:\New_test 2021\CoinSelenide\.allure\allure-2.10.0\bin\..\lib\javax.servlet-api-3.1.0.jar;H:\New_test 2021\CoinSelenide\.allure\allure-2.10.0\bin\..\lib\jetty-http-9.4.14.v20181114.jar;H:\New_test 2021\CoinSelenide\.allure\allure-2.10.0\bin\..\lib\jetty-io-9.4.14.v20181114.jar;H:\New_test 2021\CoinSelenide\.allure\allure-2.10.0\bin\..\lib\allure1-model-1.0.jar;H:\New_test 2021\CoinSelenide\.allure\allure-2.10.0\bin\..\lib\slf4j-api-1.7.25.jar;H:\New_test 2021\CoinSelenide\.allure\allure-2.10.0\bin\..\lib\log4j-1.2.17.jar;H:\New_test 2021\CoinSelenide\.allure\allure-2.10.0\bin\..\lib\httpclient-4.5.7.ja
Launcher Type: SUN_STANDARD

Environment Variables:
JAVA_HOME=c:\Program Files\Java\jdk1.8.0_191
PATH=C:\app\BlasteR\product\18.0.0\dbhomeXE\bin;C:\Program Files (x86)\Common Files\Oracle\Java\javapath;C:\Windows\system32;C:\Windows;C:\Windows\System32\Wbem;C:\Windows\System32\WindowsPowerShell\v1.0\;C:\Windows\System32\OpenSSH\;C:\Program Files (x86)\NVIDIA Corporation\PhysX\Common;C:\Users\BlasteR\AppData\Local\Microsoft\WindowsApps;C:\Users\BlasteR\AppData\Local\GitHubDesktop\bin;C:\Program Files\Git\cmd;c:\Program Files\Java\jdk1.8.0_191\bin;C:\tolls\apache-maven-3.8.1\bin;C:\WINDOWS\system32;C:\WINDOWS;C:\WINDOWS\System32\Wbem;C:\WINDOWS\System32\WindowsPowerShell\v1.0\;C:\WINDOWS\System32\OpenSSH\;C:\Program Files\nodejs\;C:\Program Files\NVIDIA Corporation\NVIDIA NvDLISR;C:\WINDOWS\system32;C:\WINDOWS;C:\WINDOWS\System32\Wbem;C:\WINDOWS\System32\WindowsPowerShell\v1.0\;C:\WINDOWS\System32\OpenSSH\;C:\Program Files\MySQL\MySQL Shell 8.0\bin\;C:\Program Files (x86)\Common Files\Oracle\Java\javapath;C:\Windows\system32;C:\Windows;C:\Windows\System32\Wbem;C:\Windows\System32\WindowsPowerShell\v1.0\;C:\Windows\System32\OpenSSH\;C:\Program Files (x86)\NVIDIA Corporation\PhysX\Common;C:\Users\BlasteR\AppData\Local\Microsoft\WindowsApps;C:\Users\BlasteR\AppData\Local\GitHubDesktop\bin;C:\Program Files\Git\cmd;;C:\Program Files\JetBrains\IntelliJ IDEA Community Edition 2020.1.1\bin;;C:\Users\BlasteR\AppData\Local\Microsoft\WindowsApps;C:\Users\BlasteR\AppData\Roaming\npm
USERNAME=BlasteR
OS=Windows_NT
PROCESSOR_IDENTIFIER=AMD64 Family 21 Model 2 Stepping 0, AuthenticAMD



---------------  S Y S T E M  ---------------

OS: Windows 10.0 , 64 bit Build 19041 (10.0.19041.1023)

CPU:total 8 (initial active 8) (8 cores per cpu, 1 threads per core) family 21 model 2 stepping 0, cmov, cx8, fxsr, mmx, sse, sse2, sse3, ssse3, sse4.1, sse4.2, popcnt, avx, aes, clmul, mmxext, 3dnowpref, lzcnt, sse4a, tsc, tscinvbit, tscinv, bmi1

Memory: 4k page, physical 8286376k(499408k free), swap 20574376k(0k free)

vm_info: Java HotSpot(TM) 64-Bit Server VM (25.191-b12) for windows-amd64 JRE (1.8.0_191-b12), built on Oct  6 2018 09:29:03 by "java_re" with MS VC++ 10.0 (VS2010)

time: Wed Jul 14 21:08:52 2021
elapsed time: 3107 seconds (0d 0h 51m 47s)

