#
# There is insufficient memory for the Java Runtime Environment to continue.
# Native memory allocation (malloc) failed to allocate 33376 bytes for Chunk::new
# Possible reasons:
#   The system is out of physical RAM or swap space
#   In 32 bit mode, the process size limit was hit
# Possible solutions:
#   Reduce memory load on the system
#   Increase physical memory or swap space
#   Check if swap backing store is full
#   Use 64 bit Java on a 64 bit OS
#   Decrease Java heap size (-Xmx/-Xms)
#   Decrease number of Java threads
#   Decrease Java thread stack sizes (-Xss)
#   Set larger code cache with -XX:ReservedCodeCacheSize=
# This output file may be truncated or incomplete.
#
#  
[error occurred during error reporting (printing stack bounds), id 0xc0000005]

Native frames: (J=compiled Java code, j=interpreted, Vv=VM code, C=native code)


Current CompileTask:
C2:20241459 3299       4       java.util.WeakHashMap$HashIterator::hasNext (95 bytes)


---------------  P R O C E S S  ---------------

Java Threads: ( => current thread )
  0x000000001c9d6800 JavaThread "AWT-EventQueue-0" [_thread_blocked, id=11124, stack(0x0000000001670000,0x0000000001770000)]
  0x000000001c9d6000 JavaThread "AWT-Shutdown" [_thread_blocked, id=29488, stack(0x0000000001570000,0x0000000001670000)]
  0x000000001c9d1800 JavaThread "qtp1033638837-55" [_thread_blocked, id=26464, stack(0x0000000020630000,0x0000000020730000)]
  0x000000001c9d5000 JavaThread "qtp1033638837-54" [_thread_in_native, id=17172, stack(0x0000000020530000,0x0000000020630000)]
  0x000000001c9d4800 JavaThread "qtp1033638837-53" [_thread_in_native, id=5016, stack(0x0000000020430000,0x0000000020530000)]
  0x000000001c9d3000 JavaThread "Scheduler-1234586997" [_thread_blocked, id=28216, stack(0x000000001fef0000,0x000000001fff0000)]
  0x000000001c9d2000 JavaThread "AWT-Windows" daemon [_thread_in_native, id=27012, stack(0x000000001fc70000,0x000000001fd70000)]
  0x000000001c9d3800 JavaThread "Java2D Disposer" daemon [_thread_blocked, id=884, stack(0x000000001fa70000,0x000000001fb70000)]
  0x000000001b2fe000 JavaThread "qtp1033638837-47" [_thread_blocked, id=2780, stack(0x000000001f620000,0x000000001f720000)]
  0x000000001b2fd000 JavaThread "qtp1033638837-46" [_thread_in_native, id=9072, stack(0x000000001f520000,0x000000001f620000)]
  0x000000001b2f9800 JavaThread "qtp1033638837-44-acceptor-0@71c1cc8f-ServerConnector@7f063cc7{HTTP/1.1,[http/1.1]}{0.0.0.0:64222}" [_thread_in_native, id=19920, stack(0x000000001f320000,0x000000001f420000)]
  0x000000001b2f7000 JavaThread "qtp1033638837-42" [_thread_blocked, id=3564, stack(0x000000001f120000,0x000000001f220000)]
  0x000000001b2fa000 JavaThread "qtp1033638837-40" [_thread_in_native, id=28128, stack(0x000000001ec20000,0x000000001ed20000)]
  0x000000001a1e5000 JavaThread "Service Thread" daemon [_thread_blocked, id=13484, stack(0x000000001ae20000,0x000000001af20000)]
  0x000000001a158800 JavaThread "C1 CompilerThread3" daemon [_thread_blocked, id=7084, stack(0x000000001ad20000,0x000000001ae20000)]
=>0x000000001a152000 JavaThread "C2 CompilerThread2" daemon [_thread_in_native, id=2060, stack(0x000000001ac20000,0x000000001ad20000)]
  0x000000001a151000 JavaThread "C2 CompilerThread1" daemon [_thread_blocked, id=11280, stack(0x000000001ab20000,0x000000001ac20000)]
  0x000000001a14d800 JavaThread "C2 CompilerThread0" daemon [_thread_blocked, id=17900, stack(0x000000001aa20000,0x000000001ab20000)]
  0x000000001a148800 JavaThread "Attach Listener" daemon [_thread_blocked, id=29420, stack(0x000000001a920000,0x000000001aa20000)]
  0x0000000018327800 JavaThread "Signal Dispatcher" daemon [_thread_blocked, id=12240, stack(0x000000001a820000,0x000000001a920000)]
  0x000000001a131000 JavaThread "Finalizer" daemon [_thread_blocked, id=26672, stack(0x000000001a610000,0x000000001a710000)]
  0x000000001a130800 JavaThread "Reference Handler" daemon [_thread_blocked, id=13096, stack(0x000000001a510000,0x000000001a610000)]
  0x0000000003285800 JavaThread "main" [_thread_blocked, id=18968, stack(0x0000000003180000,0x0000000003280000)]

Other Threads:
  0x0000000018319800 VMThread [stack: 0x000000001a010000,0x000000001a110000] [id=26920]
  0x000000001a17d800 WatcherThread [stack: 0x000000001af20000,0x000000001b020000] [id=27428]

VM state:not at safepoint (normal execution)

VM Mutex/Monitor currently owned by a thread: None

Heap:
 PSYoungGen      total 71680K, used 60816K [0x00000000d5d80000, 0x00000000de980000, 0x0000000100000000)
  eden space 66560K, 91% used [0x00000000d5d80000,0x00000000d98e4358,0x00000000d9e80000)
  from space 5120K, 0% used [0x00000000d9e80000,0x00000000d9e80000,0x00000000da380000)
  to   space 5120K, 0% used [0x00000000de480000,0x00000000de480000,0x00000000de980000)
 ParOldGen       total 59392K, used 6691K [0x0000000081800000, 0x0000000085200000, 0x00000000d5d80000)
  object space 59392K, 11% used [0x0000000081800000,0x0000000081e88c50,0x0000000085200000)
 Metaspace       used 29740K, capacity 31986K, committed 32256K, reserved 1077248K
  class space    used 3604K, capacity 3982K, committed 4096K, reserved 1048576K

Card table byte_map: [0x0000000012740000,0x0000000012b40000] byte_map_base: 0x0000000012334000

Marking Bits: (ParMarkBitMap*) 0x0000000067453e30
 Begin Bits: [0x00000000135f0000, 0x0000000015590000)
 End Bits:   [0x0000000015590000, 0x0000000017530000)

Polling page: 0x00000000018f0000

CodeCache: size=245760Kb used=10060Kb max_used=10060Kb free=235699Kb
 bounds [0x0000000003380000, 0x0000000003d60000, 0x0000000012380000]
 total_blobs=3822 nmethods=3288 adapters=447
 compilation: enabled

Compilation events (10 events):
Event: 4519.628 Thread 0x000000001a158800 nmethod 3294 0x0000000003d53690 code [0x0000000003d539a0, 0x0000000003d55078]
Event: 4699.639 Thread 0x000000001a158800 3295   !   3       org.eclipse.jetty.util.BlockingArrayQueue::poll (177 bytes)
Event: 4699.640 Thread 0x000000001a158800 nmethod 3295 0x0000000003d55b50 code [0x0000000003d55e00, 0x0000000003d56eb8]
Event: 4750.163 Thread 0x000000001a158800 3296       3       org.eclipse.jetty.util.thread.QueuedThreadPool::idleJobPoll (21 bytes)
Event: 4750.163 Thread 0x000000001a158800 nmethod 3296 0x0000000003d57c50 code [0x0000000003d57dc0, 0x0000000003d58108]
Event: 4759.646 Thread 0x000000001a158800 3297       3       org.eclipse.jetty.util.thread.QueuedThreadPool::access$800 (5 bytes)
Event: 4759.646 Thread 0x000000001a158800 nmethod 3297 0x0000000003d581d0 code [0x0000000003d58340, 0x0000000003d586c8]
Event: 5899.847 Thread 0x000000001a158800 3298       3       java.util.concurrent.locks.AbstractQueuedSynchronizer$ConditionObject::unlinkCancelledWaiters (67 bytes)
Event: 5899.847 Thread 0x000000001a158800 nmethod 3298 0x0000000003d58810 code [0x0000000003d58980, 0x0000000003d58cd0]
Event: 20241.378 Thread 0x000000001a152000 3299       4       java.util.WeakHashMap$HashIterator::hasNext (95 bytes)

GC Heap History (8 events):
Event: 0.914 GC heap before
{Heap before GC invocations=1 (full 0):
 PSYoungGen      total 38400K, used 33280K [0x00000000d5d80000, 0x00000000d8800000, 0x0000000100000000)
  eden space 33280K, 100% used [0x00000000d5d80000,0x00000000d7e00000,0x00000000d7e00000)
  from space 5120K, 0% used [0x00000000d8300000,0x00000000d8300000,0x00000000d8800000)
  to   space 5120K, 0% used [0x00000000d7e00000,0x00000000d7e00000,0x00000000d8300000)
 ParOldGen       total 87552K, used 0K [0x0000000081800000, 0x0000000086d80000, 0x00000000d5d80000)
  object space 87552K, 0% used [0x0000000081800000,0x0000000081800000,0x0000000086d80000)
 Metaspace       used 12742K, capacity 13290K, committed 13440K, reserved 1060864K
  class space    used 1476K, capacity 1589K, committed 1664K, reserved 1048576K
Event: 0.926 GC heap after
Heap after GC invocations=1 (full 0):
 PSYoungGen      total 38400K, used 5111K [0x00000000d5d80000, 0x00000000da880000, 0x0000000100000000)
  eden space 33280K, 0% used [0x00000000d5d80000,0x00000000d5d80000,0x00000000d7e00000)
  from space 5120K, 99% used [0x00000000d7e00000,0x00000000d82fddc0,0x00000000d8300000)
  to   space 5120K, 0% used [0x00000000da380000,0x00000000da380000,0x00000000da880000)
 ParOldGen       total 87552K, used 2590K [0x0000000081800000, 0x0000000086d80000, 0x00000000d5d80000)
  object space 87552K, 2% used [0x0000000081800000,0x0000000081a87950,0x0000000086d80000)
 Metaspace       used 12742K, capacity 13290K, committed 13440K, reserved 1060864K
  class space    used 1476K, capacity 1589K, committed 1664K, reserved 1048576K
}
Event: 1.818 GC heap before
{Heap before GC invocations=2 (full 0):
 PSYoungGen      total 38400K, used 38391K [0x00000000d5d80000, 0x00000000da880000, 0x0000000100000000)
  eden space 33280K, 100% used [0x00000000d5d80000,0x00000000d7e00000,0x00000000d7e00000)
  from space 5120K, 99% used [0x00000000d7e00000,0x00000000d82fddc0,0x00000000d8300000)
  to   space 5120K, 0% used [0x00000000da380000,0x00000000da380000,0x00000000da880000)
 ParOldGen       total 87552K, used 2590K [0x0000000081800000, 0x0000000086d80000, 0x00000000d5d80000)
  object space 87552K, 2% used [0x0000000081800000,0x0000000081a87950,0x0000000086d80000)
 Metaspace       used 18583K, capacity 19950K, committed 20224K, reserved 1067008K
  class space    used 2209K, capacity 2437K, committed 2560K, reserved 1048576K
Event: 1.834 GC heap after
Heap after GC invocations=2 (full 0):
 PSYoungGen      total 71680K, used 5104K [0x00000000d5d80000, 0x00000000da880000, 0x0000000100000000)
  eden space 66560K, 0% used [0x00000000d5d80000,0x00000000d5d80000,0x00000000d9e80000)
  from space 5120K, 99% used [0x00000000da380000,0x00000000da87c050,0x00000000da880000)
  to   space 5120K, 0% used [0x00000000d9e80000,0x00000000d9e80000,0x00000000da380000)
 ParOldGen       total 87552K, used 5937K [0x0000000081800000, 0x0000000086d80000, 0x00000000d5d80000)
  object space 87552K, 6% used [0x0000000081800000,0x0000000081dcc738,0x0000000086d80000)
 Metaspace       used 18583K, capacity 19950K, committed 20224K, reserved 1067008K
  class space    used 2209K, capacity 2437K, committed 2560K, reserved 1048576K
}
Event: 1.974 GC heap before
{Heap before GC invocations=3 (full 0):
 PSYoungGen      total 71680K, used 17209K [0x00000000d5d80000, 0x00000000da880000, 0x0000000100000000)
  eden space 66560K, 18% used [0x00000000d5d80000,0x00000000d6952698,0x00000000d9e80000)
  from space 5120K, 99% used [0x00000000da380000,0x00000000da87c050,0x00000000da880000)
  to   space 5120K, 0% used [0x00000000d9e80000,0x00000000d9e80000,0x00000000da380000)
 ParOldGen       total 87552K, used 5937K [0x0000000081800000, 0x0000000086d80000, 0x00000000d5d80000)
  object space 87552K, 6% used [0x0000000081800000,0x0000000081dcc738,0x0000000086d80000)
 Metaspace       used 19529K, capacity 21134K, committed 21296K, reserved 1069056K
  class space    used 2341K, capacity 2607K, committed 2688K, reserved 1048576K
Event: 1.982 GC heap after
Heap after GC invocations=3 (full 0):
 PSYoungGen      total 71680K, used 5098K [0x00000000d5d80000, 0x00000000de980000, 0x0000000100000000)
  eden space 66560K, 0% used [0x00000000d5d80000,0x00000000d5d80000,0x00000000d9e80000)
  from space 5120K, 99% used [0x00000000d9e80000,0x00000000da37abf0,0x00000000da380000)
  to   space 5120K, 0% used [0x00000000de480000,0x00000000de480000,0x00000000de980000)
 ParOldGen       total 87552K, used 6630K [0x0000000081800000, 0x0000000086d80000, 0x00000000d5d80000)
  object space 87552K, 7% used [0x0000000081800000,0x0000000081e79838,0x0000000086d80000)
 Metaspace       used 19529K, capacity 21134K, committed 21296K, reserved 1069056K
  class space    used 2341K, capacity 2607K, committed 2688K, reserved 1048576K
}
Event: 1.982 GC heap before
{Heap before GC invocations=4 (full 1):
 PSYoungGen      total 71680K, used 5098K [0x00000000d5d80000, 0x00000000de980000, 0x0000000100000000)
  eden space 66560K, 0% used [0x00000000d5d80000,0x00000000d5d80000,0x00000000d9e80000)
  from space 5120K, 99% used [0x00000000d9e80000,0x00000000da37abf0,0x00000000da380000)
  to   space 5120K, 0% used [0x00000000de480000,0x00000000de480000,0x00000000de980000)
 ParOldGen       total 87552K, used 6630K [0x0000000081800000, 0x0000000086d80000, 0x00000000d5d80000)
  object space 87552K, 7% used [0x0000000081800000,0x0000000081e79838,0x0000000086d80000)
 Metaspace       used 19529K, capacity 21134K, committed 21296K, reserved 1069056K
  class space    used 2341K, capacity 2607K, committed 2688K, reserved 1048576K
Event: 2.025 GC heap after
Heap after GC invocations=4 (full 1):
 PSYoungGen      total 71680K, used 0K [0x00000000d5d80000, 0x00000000de980000, 0x0000000100000000)
  eden space 66560K, 0% used [0x00000000d5d80000,0x00000000d5d80000,0x00000000d9e80000)
  from space 5120K, 0% used [0x00000000d9e80000,0x00000000d9e80000,0x00000000da380000)
  to   space 5120K, 0% used [0x00000000de480000,0x00000000de480000,0x00000000de980000)
 ParOldGen       total 59392K, used 6691K [0x0000000081800000, 0x0000000085200000, 0x00000000d5d80000)
  object space 59392K, 11% used [0x0000000081800000,0x0000000081e88c50,0x0000000085200000)
 Metaspace       used 19519K, capacity 21098K, committed 21296K, reserved 1069056K
  class space    used 2337K, capacity 2601K, committed 2688K, reserved 1048576K
}

Deoptimization events (10 events):
Event: 3.011 Thread 0x0000000003285800 Uncommon trap: reason=class_check action=maybe_recompile pc=0x00000000038a3a44 method=java.util.regex.Pattern$CharProperty$1.isSatisfiedBy(I)Z @ 5
Event: 3.011 Thread 0x0000000003285800 Uncommon trap: reason=class_check action=maybe_recompile pc=0x00000000036eb578 method=java.util.regex.Pattern$CharProperty$1.isSatisfiedBy(I)Z @ 5
Event: 3.031 Thread 0x0000000003285800 Uncommon trap: reason=unstable_if action=reinterpret pc=0x0000000003b85104 method=java.util.regex.Pattern$BmpCharProperty.match(Ljava/util/regex/Matcher;ILjava/lang/CharSequence;)Z @ 34
Event: 3.050 Thread 0x0000000003285800 Uncommon trap: reason=unstable_if action=reinterpret pc=0x0000000003b4c690 method=java.io.BufferedReader.readLine(Z)Ljava/lang/String; @ 55
Event: 3.050 Thread 0x0000000003285800 Uncommon trap: reason=unstable_if action=reinterpret pc=0x0000000003b4b0fc method=java.io.BufferedReader.readLine(Z)Ljava/lang/String; @ 55
Event: 3.089 Thread 0x0000000003285800 Uncommon trap: reason=class_check action=maybe_recompile pc=0x0000000003c12f5c method=java.util.regex.Matcher.search(I)Z @ 86
Event: 3.089 Thread 0x0000000003285800 Uncommon trap: reason=class_check action=maybe_recompile pc=0x0000000003c12f5c method=java.util.regex.Matcher.search(I)Z @ 86
Event: 3.089 Thread 0x0000000003285800 Uncommon trap: reason=class_check action=maybe_recompile pc=0x0000000003c12f5c method=java.util.regex.Matcher.search(I)Z @ 86
Event: 3.089 Thread 0x0000000003285800 Uncommon trap: reason=class_check action=maybe_recompile pc=0x0000000003c12f5c method=java.util.regex.Matcher.search(I)Z @ 86
Event: 3.626 Thread 0x000000001b2f7000 Uncommon trap: reason=unstable_if action=reinterpret pc=0x0000000003adb7dc method=java.lang.ThreadLocal$ThreadLocalMap.getEntry(Ljava/lang/ThreadLocal;)Ljava/lang/ThreadLocal$ThreadLocalMap$Entry; @ 29

Classes redefined (0 events):
No events

Internal exceptions (10 events):
Event: 2.954 Thread 0x0000000003285800 Exception <a 'sun/nio/fs/WindowsException'> (0x00000000d67872b8) thrown at [C:\re\workspace\8-2-build-windows-amd64-cygwin\jdk8u191\11896\hotspot\src\share\vm\prims\jni.cpp, line 709]
Event: 2.959 Thread 0x0000000003285800 Exception <a 'java/lang/ClassNotFoundException': io/qameta/allure/csv/CsvExportBehaviorBeanInfo> (0x00000000d81ec6e8) thrown at [C:\re\workspace\8-2-build-windows-amd64-cygwin\jdk8u191\11896\hotspot\src\share\vm\classfile\systemDictionary.cpp, line 210]
Event: 2.959 Thread 0x0000000003285800 Exception <a 'java/lang/ClassNotFoundException': io/qameta/allure/csv/CsvExportBehaviorCustomizer> (0x00000000d81f73f0) thrown at [C:\re\workspace\8-2-build-windows-amd64-cygwin\jdk8u191\11896\hotspot\src\share\vm\classfile\systemDictionary.cpp, line 210]
Event: 2.965 Thread 0x0000000003285800 Exception <a 'sun/nio/fs/WindowsException'> (0x00000000d821d9e8) thrown at [C:\re\workspace\8-2-build-windows-amd64-cygwin\jdk8u191\11896\hotspot\src\share\vm\prims\jni.cpp, line 709]
Event: 2.967 Thread 0x0000000003285800 Exception <a 'sun/nio/fs/WindowsException'> (0x00000000d85ada68) thrown at [C:\re\workspace\8-2-build-windows-amd64-cygwin\jdk8u191\11896\hotspot\src\share\vm\prims\jni.cpp, line 709]
Event: 3.014 Thread 0x0000000003285800 Exception <a 'java/lang/NoSuchMethodError': java.lang.Object.lambda$static$0(Ljava/lang/Runnable;)Z> (0x00000000d874c788) thrown at [C:\re\workspace\8-2-build-windows-amd64-cygwin\jdk8u191\11896\hotspot\src\share\vm\interpreter\linkResolver.cpp, line 620]
Event: 3.055 Thread 0x0000000003285800 Exception <a 'java/lang/ClassNotFoundException': sun/net/www/protocol/c/Handler> (0x00000000d8a2ab88) thrown at [C:\re\workspace\8-2-build-windows-amd64-cygwin\jdk8u191\11896\hotspot\src\share\vm\classfile\systemDictionary.cpp, line 210]
Event: 3.059 Thread 0x0000000003285800 Exception <a 'sun/nio/fs/WindowsException'> (0x00000000d8a478e8) thrown at [C:\re\workspace\8-2-build-windows-amd64-cygwin\jdk8u191\11896\hotspot\src\share\vm\prims\jni.cpp, line 709]
Event: 3.137 Thread 0x0000000003285800 Exception <a 'java/io/FileNotFoundException'> (0x00000000d8d07148) thrown at [C:\re\workspace\8-2-build-windows-amd64-cygwin\jdk8u191\11896\hotspot\src\share\vm\prims\jni.cpp, line 709]
Event: 20240.623 Thread 0x000000001c9d6800 Exception <a 'java/io/FileNotFoundException'> (0x00000000d9876ff0) thrown at [C:\re\workspace\8-2-build-windows-amd64-cygwin\jdk8u191\11896\hotspot\src\share\vm\prims\jni.cpp, line 709]

Events (10 events):
Event: 20241.235 loading class java/util/WeakHashMap$KeyIterator
Event: 20241.239 loading class java/util/WeakHashMap$KeyIterator done
Event: 20241.240 Executing VM operation: Deoptimize
Event: 20241.369 Executing VM operation: Deoptimize done
Event: 20241.370 loading class sun/awt/Win32GraphicsConfig
Event: 20241.372 loading class sun/awt/image/SurfaceManager$ProxiedGraphicsConfig
Event: 20241.372 loading class sun/awt/image/SurfaceManager$ProxiedGraphicsConfig done
Event: 20241.372 loading class java/awt/GraphicsConfiguration
Event: 20241.372 loading class java/awt/GraphicsConfiguration done
Event: 20241.372 loading class sun/awt/Win32GraphicsConfig done


Dynamic libraries:
0x00007ff7c57e0000 - 0x00007ff7c5817000 	c:\Program Files\Java\jdk1.8.0_191\bin\java.exe
0x00007ffcf9d70000 - 0x00007ffcf9f65000 	C:\WINDOWS\SYSTEM32\ntdll.dll
0x00007ffcf91a0000 - 0x00007ffcf925d000 	C:\WINDOWS\System32\KERNEL32.DLL
0x00007ffcf78f0000 - 0x00007ffcf7bb9000 	C:\WINDOWS\System32\KERNELBASE.dll
0x00007ffcf9270000 - 0x00007ffcf931c000 	C:\WINDOWS\System32\ADVAPI32.dll
0x00007ffcf9c80000 - 0x00007ffcf9d1e000 	C:\WINDOWS\System32\msvcrt.dll
0x00007ffcf81f0000 - 0x00007ffcf828b000 	C:\WINDOWS\System32\sechost.dll
0x00007ffcf8410000 - 0x00007ffcf853a000 	C:\WINDOWS\System32\RPCRT4.dll
0x00007ffcf7e50000 - 0x00007ffcf7ff0000 	C:\WINDOWS\System32\USER32.dll
0x00007ffcf7c10000 - 0x00007ffcf7c32000 	C:\WINDOWS\System32\win32u.dll
0x00007ffcf9430000 - 0x00007ffcf945a000 	C:\WINDOWS\System32\GDI32.dll
0x00007ffcf7540000 - 0x00007ffcf764b000 	C:\WINDOWS\System32\gdi32full.dll
0x00007ffcf7c40000 - 0x00007ffcf7cdd000 	C:\WINDOWS\System32\msvcp_win.dll
0x00007ffcf7ce0000 - 0x00007ffcf7de0000 	C:\WINDOWS\System32\ucrtbase.dll
0x00007ffcf6870000 - 0x00007ffcf6b0a000 	C:\WINDOWS\WinSxS\amd64_microsoft.windows.common-controls_6595b64144ccf1df_6.0.19041.1110_none_60b5254171f9507e\COMCTL32.dll
0x00007ffcf9c50000 - 0x00007ffcf9c80000 	C:\WINDOWS\System32\IMM32.DLL
0x00000000674e0000 - 0x00000000675b2000 	c:\Program Files\Java\jdk1.8.0_191\jre\bin\msvcr100.dll
0x0000000066c30000 - 0x00000000674d4000 	c:\Program Files\Java\jdk1.8.0_191\jre\bin\server\jvm.dll
0x00007ffcf9d20000 - 0x00007ffcf9d28000 	C:\WINDOWS\System32\PSAPI.DLL
0x00007ffceb300000 - 0x00007ffceb327000 	C:\WINDOWS\SYSTEM32\WINMM.dll
0x00007ffcf0410000 - 0x00007ffcf041a000 	C:\WINDOWS\SYSTEM32\VERSION.dll
0x00007ffcf03c0000 - 0x00007ffcf03c9000 	C:\WINDOWS\SYSTEM32\WSOCK32.dll
0x00007ffcf7de0000 - 0x00007ffcf7e4b000 	C:\WINDOWS\System32\WS2_32.dll
0x0000000066c20000 - 0x0000000066c2f000 	c:\Program Files\Java\jdk1.8.0_191\jre\bin\verify.dll
0x0000000066bf0000 - 0x0000000066c19000 	c:\Program Files\Java\jdk1.8.0_191\jre\bin\java.dll
0x0000000066bd0000 - 0x0000000066be6000 	c:\Program Files\Java\jdk1.8.0_191\jre\bin\zip.dll
0x00007ffcf8540000 - 0x00007ffcf8c7f000 	C:\WINDOWS\System32\SHELL32.dll
0x00007ffcf4830000 - 0x00007ffcf4fc1000 	C:\WINDOWS\SYSTEM32\windows.storage.dll
0x00007ffcf8c80000 - 0x00007ffcf8fd5000 	C:\WINDOWS\System32\combase.dll
0x00007ffcf67d0000 - 0x00007ffcf67fc000 	C:\WINDOWS\SYSTEM32\Wldp.dll
0x00007ffcf8120000 - 0x00007ffcf81ce000 	C:\WINDOWS\System32\SHCORE.dll
0x00007ffcf90c0000 - 0x00007ffcf9115000 	C:\WINDOWS\System32\shlwapi.dll
0x00007ffcf73f0000 - 0x00007ffcf740f000 	C:\WINDOWS\SYSTEM32\profapi.dll
0x00007ffcf71d0000 - 0x00007ffcf71e8000 	C:\WINDOWS\SYSTEM32\CRYPTSP.dll
0x00007ffcf5ed0000 - 0x00007ffcf5f04000 	C:\WINDOWS\system32\rsaenh.dll
0x00007ffcf7760000 - 0x00007ffcf7787000 	C:\WINDOWS\System32\bcrypt.dll
0x00007ffcf73b0000 - 0x00007ffcf73de000 	C:\WINDOWS\SYSTEM32\USERENV.dll
0x00007ffcf74b0000 - 0x00007ffcf7533000 	C:\WINDOWS\System32\bcryptprimitives.dll
0x00007ffcf66f0000 - 0x00007ffcf66fc000 	C:\WINDOWS\SYSTEM32\CRYPTBASE.dll
0x0000000066bb0000 - 0x0000000066bca000 	C:\Program Files\Java\jdk1.8.0_191\jre\bin\net.dll
0x00007ffcf65d0000 - 0x00007ffcf663a000 	C:\WINDOWS\system32\mswsock.dll
0x00007ffcf61d0000 - 0x00007ffcf620b000 	C:\WINDOWS\SYSTEM32\IPHLPAPI.DLL
0x00007ffcf9260000 - 0x00007ffcf9268000 	C:\WINDOWS\System32\NSI.dll
0x00007ffcf0d80000 - 0x00007ffcf0d97000 	C:\WINDOWS\SYSTEM32\dhcpcsvc6.DLL
0x00007ffcf0d60000 - 0x00007ffcf0d7d000 	C:\WINDOWS\SYSTEM32\dhcpcsvc.DLL
0x00007ffcf6210000 - 0x00007ffcf62dc000 	C:\WINDOWS\SYSTEM32\DNSAPI.dll
0x0000000066b90000 - 0x0000000066ba1000 	C:\Program Files\Java\jdk1.8.0_191\jre\bin\nio.dll
0x00007ffcf7190000 - 0x00007ffcf71c3000 	C:\WINDOWS\SYSTEM32\ntmarta.dll
0x00007ffcd3ea0000 - 0x00007ffcd3eb7000 	C:\WINDOWS\system32\napinsp.dll
0x00007ffcd34b0000 - 0x00007ffcd34cb000 	C:\WINDOWS\system32\pnrpnsp.dll
0x00007ffcce2f0000 - 0x00007ffcce305000 	C:\WINDOWS\system32\wshbth.dll
0x00007ffcf23f0000 - 0x00007ffcf240d000 	C:\WINDOWS\system32\NLAapi.dll
0x00007ffcd2f20000 - 0x00007ffcd2f32000 	C:\WINDOWS\System32\winrnr.dll
0x00007ffce5840000 - 0x00007ffce584a000 	C:\Windows\System32\rasadhlp.dll
0x00007ffceb340000 - 0x00007ffceb3bf000 	C:\WINDOWS\System32\fwpuclnt.dll
0x0000000066b30000 - 0x0000000066b54000 	C:\Program Files\Java\jdk1.8.0_191\jre\bin\sunec.dll
0x0000000066b20000 - 0x0000000066b2b000 	C:\Program Files\Java\jdk1.8.0_191\jre\bin\sunmscapi.dll
0x00007ffcf7790000 - 0x00007ffcf78ef000 	C:\WINDOWS\System32\CRYPT32.dll
0x0000000066b10000 - 0x0000000066b1d000 	C:\Program Files\Java\jdk1.8.0_191\jre\bin\management.dll
0x0000000066970000 - 0x0000000066b09000 	C:\Program Files\Java\jdk1.8.0_191\jre\bin\awt.dll
0x00007ffcf9b80000 - 0x00007ffcf9c4d000 	C:\WINDOWS\System32\OLEAUT32.dll
0x00007ffcf4070000 - 0x00007ffcf4100000 	C:\WINDOWS\SYSTEM32\apphelp.dll
0x00007ffcf4250000 - 0x00007ffcf42ee000 	C:\WINDOWS\system32\uxtheme.dll
0x00007ffcf82f0000 - 0x00007ffcf8405000 	C:\WINDOWS\System32\MSCTF.dll
0x00007ffcf7ff0000 - 0x00007ffcf811a000 	C:\WINDOWS\System32\ole32.dll
0x00007ffcf4630000 - 0x00007ffcf4642000 	C:\WINDOWS\SYSTEM32\kernel.appcore.dll
0x00007ffcf2110000 - 0x00007ffcf2206000 	C:\WINDOWS\SYSTEM32\PROPSYS.dll
0x00007ffce4f00000 - 0x00007ffce50ec000 	C:\WINDOWS\SYSTEM32\urlmon.dll
0x00007ffce6900000 - 0x00007ffce6bb0000 	C:\WINDOWS\SYSTEM32\iertutil.dll
0x00007ffcf66d0000 - 0x00007ffcf66dc000 	C:\WINDOWS\SYSTEM32\netutils.dll
0x00007ffcec860000 - 0x00007ffcec888000 	C:\WINDOWS\SYSTEM32\srvcli.dll
0x00007ffcf9380000 - 0x00007ffcf9429000 	C:\WINDOWS\System32\clbcatq.dll
0x00007ffced020000 - 0x00007ffced03d000 	C:\Windows\System32\Windows.Shell.ServiceHostBuilder.dll
0x00007ffcef360000 - 0x00007ffcefaf7000 	C:\Windows\System32\OneCoreUAPCommonProxyStub.dll
0x00007ffccb0f0000 - 0x00007ffccb236000 	C:\Windows\System32\Windows.StateRepositoryPS.dll
0x00007ffcf26a0000 - 0x00007ffcf27f4000 	C:\Windows\System32\WinTypes.dll
0x00007ffcd4d50000 - 0x00007ffcd4d74000 	C:\WINDOWS\SYSTEM32\edputil.dll
0x00007ffcf0330000 - 0x00007ffcf033c000 	C:\WINDOWS\SYSTEM32\Secur32.dll
0x00007ffcf7370000 - 0x00007ffcf73a1000 	C:\WINDOWS\SYSTEM32\SSPICLI.DLL
0x00007ffcc8580000 - 0x00007ffcc85c2000 	C:\WINDOWS\SYSTEM32\MLANG.dll
0x00007ffcd5470000 - 0x00007ffcd594d000 	C:\WINDOWS\SYSTEM32\WININET.dll
0x00007ffcc6b20000 - 0x00007ffcc6b6c000 	C:\Windows\System32\Windows.UI.AppDefaults.dll
0x00007ffcf1750000 - 0x00007ffcf17f0000 	C:\WINDOWS\SYSTEM32\policymanager.dll
0x00007ffcf5f60000 - 0x00007ffcf5fea000 	C:\WINDOWS\SYSTEM32\msvcp110_win.dll
0x00007ffcf7bc0000 - 0x00007ffcf7c0e000 	C:\WINDOWS\System32\CFGMGR32.dll
0x00007ffcd5180000 - 0x00007ffcd51fd000 	C:\Windows\System32\OneCoreCommonProxyStub.dll
0x00007ffcf4450000 - 0x00007ffcf447f000 	C:\WINDOWS\system32\DWMAPI.DLL
0x00007ffca2e10000 - 0x00007ffca2f35000 	C:\WINDOWS\system32\opengl32.dll
0x00007ffcd4aa0000 - 0x00007ffcd4acc000 	C:\WINDOWS\SYSTEM32\GLU32.dll
0x00007ffcf6c50000 - 0x00007ffcf6c62000 	C:\WINDOWS\SYSTEM32\msasn1.dll
0x00007ffcf03d0000 - 0x00007ffcf0401000 	C:\WINDOWS\SYSTEM32\cryptnet.dll
0x00007ffcf7700000 - 0x00007ffcf7760000 	C:\WINDOWS\System32\WINTRUST.DLL
0x00007ffcf81d0000 - 0x00007ffcf81ed000 	C:\WINDOWS\System32\imagehlp.dll
0x00007ffcee3c0000 - 0x00007ffcee3fb000 	C:\WINDOWS\SYSTEM32\dxcore.dll

VM Arguments:
java_command: io.qameta.allure.CommandLine serve H:\New_test 2021\CoinSelenide\target\allure-results
java_class_path (initial): H:\New_test 2021\CoinSelenide\.allure\allure-2.10.0\bin\..\lib\allure-commandline-2.10.0.jar;H:\New_test 2021\CoinSelenide\.allure\allure-2.10.0\bin\..\lib\jcommander-1.72.jar;H:\New_test 2021\CoinSelenide\.allure\allure-2.10.0\bin\..\lib\allure-generator-2.10.0.jar;H:\New_test 2021\CoinSelenide\.allure\allure-2.10.0\bin\..\lib\allure-plugin-api-2.10.0.jar;H:\New_test 2021\CoinSelenide\.allure\allure-2.10.0\bin\..\lib\jackson-dataformat-xml-2.9.8.jar;H:\New_test 2021\CoinSelenide\.allure\allure-2.10.0\bin\..\lib\allure-model-2.9.0.jar;H:\New_test 2021\CoinSelenide\.allure\allure-2.10.0\bin\..\lib\jackson-module-jaxb-annotations-2.9.8.jar;H:\New_test 2021\CoinSelenide\.allure\allure-2.10.0\bin\..\lib\jackson-databind-2.9.8.jar;H:\New_test 2021\CoinSelenide\.allure\allure-2.10.0\bin\..\lib\jackson-dataformat-yaml-2.9.8.jar;H:\New_test 2021\CoinSelenide\.allure\allure-2.10.0\bin\..\lib\commons-io-2.6.jar;H:\New_test 2021\CoinSelenide\.allure\allure-2.10.0\bin\..\lib\jetty-server-9.4.14.v20181114.jar;H:\New_test 2021\CoinSelenide\.allure\allure-2.10.0\bin\..\lib\slf4j-log4j12-1.7.25.jar;H:\New_test 2021\CoinSelenide\.allure\allure-2.10.0\bin\..\lib\jackson-annotations-2.9.0.jar;H:\New_test 2021\CoinSelenide\.allure\allure-2.10.0\bin\..\lib\jackson-core-2.9.8.jar;H:\New_test 2021\CoinSelenide\.allure\allure-2.10.0\bin\..\lib\snakeyaml-1.23.jar;H:\New_test 2021\CoinSelenide\.allure\allure-2.10.0\bin\..\lib\javax.servlet-api-3.1.0.jar;H:\New_test 2021\CoinSelenide\.allure\allure-2.10.0\bin\..\lib\jetty-http-9.4.14.v20181114.jar;H:\New_test 2021\CoinSelenide\.allure\allure-2.10.0\bin\..\lib\jetty-io-9.4.14.v20181114.jar;H:\New_test 2021\CoinSelenide\.allure\allure-2.10.0\bin\..\lib\allure1-model-1.0.jar;H:\New_test 2021\CoinSelenide\.allure\allure-2.10.0\bin\..\lib\slf4j-api-1.7.25.jar;H:\New_test 2021\CoinSelenide\.allure\allure-2.10.0\bin\..\lib\log4j-1.2.17.jar;H:\New_test 2021\CoinSelenide\.allure\allure-2.10.0\bin\..\lib\httpclient-4.5.7.ja
Launcher Type: SUN_STANDARD

Environment Variables:
JAVA_HOME=c:\Program Files\Java\jdk1.8.0_191
PATH=C:\app\BlasteR\product\18.0.0\dbhomeXE\bin;C:\Program Files (x86)\Common Files\Oracle\Java\javapath;C:\Windows\system32;C:\Windows;C:\Windows\System32\Wbem;C:\Windows\System32\WindowsPowerShell\v1.0\;C:\Windows\System32\OpenSSH\;C:\Program Files (x86)\NVIDIA Corporation\PhysX\Common;C:\Users\BlasteR\AppData\Local\Microsoft\WindowsApps;C:\Users\BlasteR\AppData\Local\GitHubDesktop\bin;C:\Program Files\Git\cmd;c:\Program Files\Java\jdk1.8.0_191\bin;C:\tolls\apache-maven-3.8.1\bin;C:\WINDOWS\system32;C:\WINDOWS;C:\WINDOWS\System32\Wbem;C:\WINDOWS\System32\WindowsPowerShell\v1.0\;C:\WINDOWS\System32\OpenSSH\;C:\Program Files\nodejs\;C:\Program Files\NVIDIA Corporation\NVIDIA NvDLISR;C:\WINDOWS\system32;C:\WINDOWS;C:\WINDOWS\System32\Wbem;C:\WINDOWS\System32\WindowsPowerShell\v1.0\;C:\WINDOWS\System32\OpenSSH\;C:\Program Files\MySQL\MySQL Shell 8.0\bin\;C:\Program Files (x86)\Common Files\Oracle\Java\javapath;C:\Windows\system32;C:\Windows;C:\Windows\System32\Wbem;C:\Windows\System32\WindowsPowerShell\v1.0\;C:\Windows\System32\OpenSSH\;C:\Program Files (x86)\NVIDIA Corporation\PhysX\Common;C:\Users\BlasteR\AppData\Local\Microsoft\WindowsApps;C:\Users\BlasteR\AppData\Local\GitHubDesktop\bin;C:\Program Files\Git\cmd;;C:\Program Files\JetBrains\IntelliJ IDEA Community Edition 2020.1.1\bin;;C:\Users\BlasteR\AppData\Local\Microsoft\WindowsApps;C:\Users\BlasteR\AppData\Roaming\npm
USERNAME=BlasteR
OS=Windows_NT
PROCESSOR_IDENTIFIER=AMD64 Family 21 Model 2 Stepping 0, AuthenticAMD



---------------  S Y S T E M  ---------------

OS: Windows 10.0 , 64 bit Build 19041 (10.0.19041.1023)

CPU:total 8 (initial active 8) (8 cores per cpu, 1 threads per core) family 21 model 2 stepping 0, cmov, cx8, fxsr, mmx, sse, sse2, sse3, ssse3, sse4.1, sse4.2, popcnt, avx, aes, clmul, mmxext, 3dnowpref, lzcnt, sse4a, tsc, tscinvbit, tscinv, bmi1

Memory: 4k page, physical 8286376k(403392k free), swap 20574376k(0k free)

vm_info: Java HotSpot(TM) 64-Bit Server VM (25.191-b12) for windows-amd64 JRE (1.8.0_191-b12), built on Oct  6 2018 09:29:03 by "java_re" with MS VC++ 10.0 (VS2010)

time: Mon Jul 26 17:01:55 2021
elapsed time: 20241 seconds (0d 5h 37m 21s)

