#
# There is insufficient memory for the Java Runtime Environment to continue.
# Native memory allocation (malloc) failed to allocate 654256 bytes for Chunk::new
# Possible reasons:
#   The system is out of physical RAM or swap space
#   In 32 bit mode, the process size limit was hit
# Possible solutions:
#   Reduce memory load on the system
#   Increase physical memory or swap space
#   Check if swap backing store is full
#   Use 64 bit Java on a 64 bit OS
#   Decrease Java heap size (-Xmx/-Xms)
#   Decrease number of Java threads
#   Decrease Java thread stack sizes (-Xss)
#   Set larger code cache with -XX:ReservedCodeCacheSize=
# This output file may be truncated or incomplete.
#
#  Out of Memory Error (allocation.cpp:390), pid=18024, tid=0x00000000000027a0
#
# JRE version: Java(TM) SE Runtime Environment (8.0_191-b12) (build 1.8.0_191-b12)
# Java VM: Java HotSpot(TM) 64-Bit Server VM (25.191-b12 mixed mode windows-amd64 compressed oops)
# Failed to write core dump. Minidumps are not enabled by default on client versions of Windows
#

---------------  T H R E A D  ---------------

Current thread (0x000000001a640800):  JavaThread "C2 CompilerThread0" daemon [_thread_in_native, id=10144, stack(0x000000001ad70000,0x000000001ae70000)]

Stack: [0x000000001ad70000,0x000000001ae70000]
[error occurred during error reporting (printing stack bounds), id 0xc0000005]

Native frames: (J=compiled Java code, j=interpreted, Vv=VM code, C=native code)


Current CompileTask:
C2:   6513 2968       4       org.aspectj.weaver.bcel.BcelWorld::makeJoinPointSignatureFromMethod (71 bytes)


---------------  P R O C E S S  ---------------

Java Threads: ( => current thread )
  0x0000000019c0b000 JavaThread "Okio Watchdog" daemon [_thread_blocked, id=18480, stack(0x0000000021220000,0x0000000021320000)]
  0x0000000019c0c800 JavaThread "OkHttp ConnectionPool" daemon [_thread_blocked, id=18664, stack(0x0000000021120000,0x0000000021220000)]
  0x000000001d10e800 JavaThread "Keep-Alive-Timer" daemon [_thread_blocked, id=15076, stack(0x0000000020e20000,0x0000000020f20000)]
  0x000000001d038800 JavaThread "UrlChecker-2" daemon [_thread_blocked, id=9436, stack(0x0000000020b20000,0x0000000020c20000)]
  0x000000001d038000 JavaThread "Exec Stream Pumper" daemon [_thread_in_native, id=6888, stack(0x0000000020a20000,0x0000000020b20000)]
  0x000000001ef78800 JavaThread "Exec Stream Pumper" daemon [_thread_in_native, id=18584, stack(0x0000000020920000,0x0000000020a20000)]
  0x000000001ea00000 JavaThread "Exec Default Executor" daemon [_thread_in_native, id=19140, stack(0x000000001c6a0000,0x000000001c7a0000)]
  0x000000001e289800 JavaThread "ForkJoinPool.commonPool-worker-2" daemon [_thread_blocked, id=3316, stack(0x0000000020190000,0x0000000020290000)]
  0x000000001f25a000 JavaThread "ForkJoinPool.commonPool-worker-1" daemon [_thread_blocked, id=13524, stack(0x0000000020090000,0x0000000020190000)]
  0x000000001a6f0800 JavaThread "Service Thread" daemon [_thread_blocked, id=10232, stack(0x000000001b170000,0x000000001b270000)]
  0x000000001a6a6000 JavaThread "C1 CompilerThread3" daemon [_thread_blocked, id=12400, stack(0x000000001b070000,0x000000001b170000)]
  0x000000001a6a1000 JavaThread "C2 CompilerThread2" daemon [_thread_in_native, id=3396, stack(0x000000001af70000,0x000000001b070000)]
  0x000000001a69e800 JavaThread "C2 CompilerThread1" daemon [_thread_in_native, id=3628, stack(0x000000001ae70000,0x000000001af70000)]
=>0x000000001a640800 JavaThread "C2 CompilerThread0" daemon [_thread_in_native, id=10144, stack(0x000000001ad70000,0x000000001ae70000)]
  0x000000001a65f800 JavaThread "Monitor Ctrl-Break" daemon [_thread_in_native, id=12992, stack(0x000000001ac70000,0x000000001ad70000)]
  0x0000000019b9d800 JavaThread "Attach Listener" daemon [_thread_blocked, id=3464, stack(0x000000001a370000,0x000000001a470000)]
  0x0000000019b9c800 JavaThread "Signal Dispatcher" daemon [_thread_blocked, id=7664, stack(0x000000001a270000,0x000000001a370000)]
  0x0000000019b81800 JavaThread "Finalizer" daemon [_thread_blocked, id=7256, stack(0x000000001a060000,0x000000001a160000)]
  0x0000000019b80800 JavaThread "Reference Handler" daemon [_thread_blocked, id=8308, stack(0x0000000019f60000,0x000000001a060000)]
  0x0000000002b72000 JavaThread "Forwarding get on session 4d76d1f769c761315395daa9f87c3805 to remote" [_thread_in_native, id=15888, stack(0x0000000002a20000,0x0000000002b20000)]

Other Threads:
  0x0000000017d99800 VMThread [stack: 0x0000000019a60000,0x0000000019b60000] [id=13440]
  0x000000001a800000 WatcherThread [stack: 0x000000001b270000,0x000000001b370000] [id=5588]

VM state:not at safepoint (normal execution)

VM Mutex/Monitor currently owned by a thread: None

Heap:
 PSYoungGen      total 148480K, used 104928K [0x00000000d5d80000, 0x00000000dff80000, 0x0000000100000000)
  eden space 132608K, 79% used [0x00000000d5d80000,0x00000000dc3f80b8,0x00000000ddf00000)
  from space 15872K, 0% used [0x00000000def00000,0x00000000def00000,0x00000000dfe80000)
  to   space 16384K, 0% used [0x00000000ddf00000,0x00000000ddf00000,0x00000000def00000)
 ParOldGen       total 83968K, used 24729K [0x0000000081800000, 0x0000000086a00000, 0x00000000d5d80000)
  object space 83968K, 29% used [0x0000000081800000,0x0000000083026760,0x0000000086a00000)
 Metaspace       used 26328K, capacity 27336K, committed 27392K, reserved 1073152K
  class space    used 3036K, capacity 3292K, committed 3328K, reserved 1048576K

Card table byte_map: [0x0000000012190000,0x0000000012590000] byte_map_base: 0x0000000011d84000

Marking Bits: (ParMarkBitMap*) 0x0000000064613e30
 Begin Bits: [0x0000000013040000, 0x0000000014fe0000)
 End Bits:   [0x0000000014fe0000, 0x0000000016f80000)

Polling page: 0x0000000002b20000

CodeCache: size=245760Kb used=13138Kb max_used=13159Kb free=232621Kb
 bounds [0x0000000002dd0000, 0x0000000003ab0000, 0x0000000011dd0000]
 total_blobs=3396 nmethods=2937 adapters=372
 compilation: enabled

Compilation events (10 events):
Event: 6.496 Thread 0x000000001a6a6000 2973       3       aj.org.objectweb.asm.MethodVisitor::visitLabel (16 bytes)
Event: 6.496 Thread 0x000000001a6a6000 nmethod 2973 0x0000000003aa3390 code [0x0000000003aa3500, 0x0000000003aa3768]
Event: 6.496 Thread 0x000000001a6a6000 2970       1       org.aspectj.weaver.bcel.LazyClassGen::getWorld (5 bytes)
Event: 6.496 Thread 0x000000001a6a6000 nmethod 2970 0x0000000003a54310 code [0x0000000003a54460, 0x0000000003a54570]
Event: 6.497 Thread 0x000000001a6a6000 2998       3       java.util.stream.AbstractPipeline::<init> (91 bytes)
Event: 6.498 Thread 0x000000001a6a6000 nmethod 2998 0x0000000003aa3850 code [0x0000000003aa3a00, 0x0000000003aa3ff8]
Event: 6.498 Thread 0x000000001a6a6000 2999       3       java.util.regex.Pattern$CharProperty::match (56 bytes)
Event: 6.498 Thread 0x000000001a6a6000 nmethod 2999 0x0000000003aa4250 code [0x0000000003aa43e0, 0x0000000003aa48c8]
Event: 6.498 Thread 0x000000001a6a6000 2997       3       java.util.stream.ReferencePipeline$StatelessOp::<init> (29 bytes)
Event: 6.498 Thread 0x000000001a6a6000 nmethod 2997 0x0000000003aa4a50 code [0x0000000003aa4bc0, 0x0000000003aa4dc8]

GC Heap History (10 events):
Event: 2.204 GC heap before
{Heap before GC invocations=3 (full 0):
 PSYoungGen      total 38400K, used 38382K [0x00000000d5d80000, 0x00000000d8800000, 0x0000000100000000)
  eden space 33280K, 100% used [0x00000000d5d80000,0x00000000d7e00000,0x00000000d7e00000)
  from space 5120K, 99% used [0x00000000d8300000,0x00000000d87fba38,0x00000000d8800000)
  to   space 5120K, 0% used [0x00000000d7e00000,0x00000000d7e00000,0x00000000d8300000)
 ParOldGen       total 87552K, used 1959K [0x0000000081800000, 0x0000000086d80000, 0x00000000d5d80000)
  object space 87552K, 2% used [0x0000000081800000,0x00000000819e9d18,0x0000000086d80000)
 Metaspace       used 13623K, capacity 13758K, committed 14080K, reserved 1062912K
  class space    used 1408K, capacity 1472K, committed 1536K, reserved 1048576K
Event: 2.221 GC heap after
Heap after GC invocations=3 (full 0):
 PSYoungGen      total 38400K, used 5096K [0x00000000d5d80000, 0x00000000da880000, 0x0000000100000000)
  eden space 33280K, 0% used [0x00000000d5d80000,0x00000000d5d80000,0x00000000d7e00000)
  from space 5120K, 99% used [0x00000000d7e00000,0x00000000d82fa1f8,0x00000000d8300000)
  to   space 5120K, 0% used [0x00000000da380000,0x00000000da380000,0x00000000da880000)
 ParOldGen       total 87552K, used 9400K [0x0000000081800000, 0x0000000086d80000, 0x00000000d5d80000)
  object space 87552K, 10% used [0x0000000081800000,0x000000008212e1c0,0x0000000086d80000)
 Metaspace       used 13623K, capacity 13758K, committed 14080K, reserved 1062912K
  class space    used 1408K, capacity 1472K, committed 1536K, reserved 1048576K
}
Event: 2.428 GC heap before
{Heap before GC invocations=4 (full 0):
 PSYoungGen      total 38400K, used 38376K [0x00000000d5d80000, 0x00000000da880000, 0x0000000100000000)
  eden space 33280K, 100% used [0x00000000d5d80000,0x00000000d7e00000,0x00000000d7e00000)
  from space 5120K, 99% used [0x00000000d7e00000,0x00000000d82fa1f8,0x00000000d8300000)
  to   space 5120K, 0% used [0x00000000da380000,0x00000000da380000,0x00000000da880000)
 ParOldGen       total 87552K, used 9400K [0x0000000081800000, 0x0000000086d80000, 0x00000000d5d80000)
  object space 87552K, 10% used [0x0000000081800000,0x000000008212e1c0,0x0000000086d80000)
 Metaspace       used 14743K, capacity 14942K, committed 15232K, reserved 1062912K
  class space    used 1495K, capacity 1568K, committed 1664K, reserved 1048576K
Event: 2.440 GC heap after
Heap after GC invocations=4 (full 0):
 PSYoungGen      total 71680K, used 5118K [0x00000000d5d80000, 0x00000000da880000, 0x0000000100000000)
  eden space 66560K, 0% used [0x00000000d5d80000,0x00000000d5d80000,0x00000000d9e80000)
  from space 5120K, 99% used [0x00000000da380000,0x00000000da87faf0,0x00000000da880000)
  to   space 5120K, 0% used [0x00000000d9e80000,0x00000000d9e80000,0x00000000da380000)
 ParOldGen       total 87552K, used 14531K [0x0000000081800000, 0x0000000086d80000, 0x00000000d5d80000)
  object space 87552K, 16% used [0x0000000081800000,0x0000000082630c00,0x0000000086d80000)
 Metaspace       used 14743K, capacity 14942K, committed 15232K, reserved 1062912K
  class space    used 1495K, capacity 1568K, committed 1664K, reserved 1048576K
}
Event: 2.967 GC heap before
{Heap before GC invocations=5 (full 0):
 PSYoungGen      total 71680K, used 71678K [0x00000000d5d80000, 0x00000000da880000, 0x0000000100000000)
  eden space 66560K, 100% used [0x00000000d5d80000,0x00000000d9e80000,0x00000000d9e80000)
  from space 5120K, 99% used [0x00000000da380000,0x00000000da87faf0,0x00000000da880000)
  to   space 5120K, 0% used [0x00000000d9e80000,0x00000000d9e80000,0x00000000da380000)
 ParOldGen       total 87552K, used 14531K [0x0000000081800000, 0x0000000086d80000, 0x00000000d5d80000)
  object space 87552K, 16% used [0x0000000081800000,0x0000000082630c00,0x0000000086d80000)
 Metaspace       used 17575K, capacity 17806K, committed 18176K, reserved 1064960K
  class space    used 1834K, capacity 1928K, committed 2048K, reserved 1048576K
Event: 2.987 GC heap after
Heap after GC invocations=5 (full 0):
 PSYoungGen      total 71680K, used 5118K [0x00000000d5d80000, 0x00000000dfe80000, 0x0000000100000000)
  eden space 66560K, 0% used [0x00000000d5d80000,0x00000000d5d80000,0x00000000d9e80000)
  from space 5120K, 99% used [0x00000000d9e80000,0x00000000da37f9f8,0x00000000da380000)
  to   space 15872K, 0% used [0x00000000def00000,0x00000000def00000,0x00000000dfe80000)
 ParOldGen       total 87552K, used 21320K [0x0000000081800000, 0x0000000086d80000, 0x00000000d5d80000)
  object space 87552K, 24% used [0x0000000081800000,0x0000000082cd21f0,0x0000000086d80000)
 Metaspace       used 17575K, capacity 17806K, committed 18176K, reserved 1064960K
  class space    used 1834K, capacity 1928K, committed 2048K, reserved 1048576K
}
Event: 3.586 GC heap before
{Heap before GC invocations=6 (full 0):
 PSYoungGen      total 71680K, used 60267K [0x00000000d5d80000, 0x00000000dfe80000, 0x0000000100000000)
  eden space 66560K, 82% used [0x00000000d5d80000,0x00000000d935b550,0x00000000d9e80000)
  from space 5120K, 99% used [0x00000000d9e80000,0x00000000da37f9f8,0x00000000da380000)
  to   space 15872K, 0% used [0x00000000def00000,0x00000000def00000,0x00000000dfe80000)
 ParOldGen       total 87552K, used 21320K [0x0000000081800000, 0x0000000086d80000, 0x00000000d5d80000)
  object space 87552K, 24% used [0x0000000081800000,0x0000000082cd21f0,0x0000000086d80000)
 Metaspace       used 20751K, capacity 21204K, committed 21296K, reserved 1069056K
  class space    used 2270K, capacity 2415K, committed 2432K, reserved 1048576K
Event: 3.602 GC heap after
Heap after GC invocations=6 (full 0):
 PSYoungGen      total 148480K, used 12104K [0x00000000d5d80000, 0x00000000dff80000, 0x0000000100000000)
  eden space 132608K, 0% used [0x00000000d5d80000,0x00000000d5d80000,0x00000000ddf00000)
  from space 15872K, 76% used [0x00000000def00000,0x00000000dfad2230,0x00000000dfe80000)
  to   space 16384K, 0% used [0x00000000ddf00000,0x00000000ddf00000,0x00000000def00000)
 ParOldGen       total 87552K, used 21328K [0x0000000081800000, 0x0000000086d80000, 0x00000000d5d80000)
  object space 87552K, 24% used [0x0000000081800000,0x0000000082cd41f0,0x0000000086d80000)
 Metaspace       used 20751K, capacity 21204K, committed 21296K, reserved 1069056K
  class space    used 2270K, capacity 2415K, committed 2432K, reserved 1048576K
}
Event: 3.602 GC heap before
{Heap before GC invocations=7 (full 1):
 PSYoungGen      total 148480K, used 12104K [0x00000000d5d80000, 0x00000000dff80000, 0x0000000100000000)
  eden space 132608K, 0% used [0x00000000d5d80000,0x00000000d5d80000,0x00000000ddf00000)
  from space 15872K, 76% used [0x00000000def00000,0x00000000dfad2230,0x00000000dfe80000)
  to   space 16384K, 0% used [0x00000000ddf00000,0x00000000ddf00000,0x00000000def00000)
 ParOldGen       total 87552K, used 21328K [0x0000000081800000, 0x0000000086d80000, 0x00000000d5d80000)
  object space 87552K, 24% used [0x0000000081800000,0x0000000082cd41f0,0x0000000086d80000)
 Metaspace       used 20751K, capacity 21204K, committed 21296K, reserved 1069056K
  class space    used 2270K, capacity 2415K, committed 2432K, reserved 1048576K
Event: 3.689 GC heap after
Heap after GC invocations=7 (full 1):
 PSYoungGen      total 148480K, used 0K [0x00000000d5d80000, 0x00000000dff80000, 0x0000000100000000)
  eden space 132608K, 0% used [0x00000000d5d80000,0x00000000d5d80000,0x00000000ddf00000)
  from space 15872K, 0% used [0x00000000def00000,0x00000000def00000,0x00000000dfe80000)
  to   space 16384K, 0% used [0x00000000ddf00000,0x00000000ddf00000,0x00000000def00000)
 ParOldGen       total 83968K, used 24729K [0x0000000081800000, 0x0000000086a00000, 0x00000000d5d80000)
  object space 83968K, 29% used [0x0000000081800000,0x0000000083026760,0x0000000086a00000)
 Metaspace       used 20751K, capacity 21204K, committed 21296K, reserved 1069056K
  class space    used 2270K, capacity 2415K, committed 2432K, reserved 1048576K
}

Deoptimization events (10 events):
Event: 6.449 Thread 0x0000000002b72000 Uncommon trap: reason=unstable_if action=reinterpret pc=0x00000000034e6560 method=org.aspectj.weaver.bcel.AtAjAttributes.readAj5MethodAttributes(Lorg/aspectj/apache/bcel/classfile/Method;Lorg/aspectj/weaver/bcel/BcelMethod;Lorg/aspectj/weaver/ResolvedType
Event: 6.449 Thread 0x0000000002b72000 Uncommon trap: reason=unstable_if action=reinterpret pc=0x000000000398f190 method=org.aspectj.weaver.bcel.BcelMethod.processAttributes(Lorg/aspectj/weaver/World;Ljava/util/List;)V @ 13
Event: 6.450 Thread 0x0000000002b72000 Uncommon trap: reason=unstable_if action=reinterpret pc=0x0000000003413cf4 method=org.aspectj.weaver.bcel.BcelMethod.processAttributes(Lorg/aspectj/weaver/World;Ljava/util/List;)V @ 13
Event: 6.450 Thread 0x0000000002b72000 Uncommon trap: reason=unstable_if action=reinterpret pc=0x00000000034aa1a0 method=org.aspectj.weaver.bcel.LazyMethodGen.isAdviceMethod()Z @ 16
Event: 6.450 Thread 0x0000000002b72000 Uncommon trap: reason=unstable_if action=reinterpret pc=0x0000000003a40794 method=org.aspectj.weaver.bcel.LazyMethodGen.isAdviceMethod()Z @ 16
Event: 6.450 Thread 0x0000000002b72000 Uncommon trap: reason=unstable_if action=reinterpret pc=0x0000000003a47ed8 method=org.aspectj.weaver.bcel.BcelObjectType.isAspect()Z @ 4
Event: 6.451 Thread 0x0000000002b72000 Uncommon trap: reason=unstable_if action=reinterpret pc=0x0000000003447230 method=org.aspectj.apache.bcel.generic.InstructionHandle.setInstruction(Lorg/aspectj/apache/bcel/generic/Instruction;)V @ 4
Event: 6.452 Thread 0x0000000002b72000 Uncommon trap: reason=unstable_if action=reinterpret pc=0x000000000341e578 method=org.aspectj.weaver.bcel.Utility.readAjAttributes(Ljava/lang/String;[Lorg/aspectj/apache/bcel/classfile/Attribute;Lorg/aspectj/weaver/ISourceContext;Lorg/aspectj/weaver/World
Event: 6.453 Thread 0x0000000002b72000 Uncommon trap: reason=unstable_if action=reinterpret pc=0x0000000003a1d488 method=org.aspectj.weaver.bcel.BcelClassWeaver.match(Lorg/aspectj/weaver/bcel/LazyMethodGen;)Z @ 106
Event: 6.453 Thread 0x0000000002b72000 Uncommon trap: reason=unstable_if action=reinterpret pc=0x00000000034bc34c method=org.aspectj.weaver.bcel.BcelMethod.isAjSynthetic()Z @ 7

Classes redefined (0 events):
No events

Internal exceptions (10 events):
Event: 6.449 Thread 0x0000000002b72000 Exception <a 'java/lang/ArrayIndexOutOfBoundsException': 7> (0x00000000dbf38378) thrown at [C:\re\workspace\8-2-build-windows-amd64-cygwin\jdk8u191\11896\hotspot\src\share\vm\interpreter\interpreterRuntime.cpp, line 366]
Event: 6.449 Thread 0x0000000002b72000 Exception <a 'java/lang/ArrayIndexOutOfBoundsException'> (0x00000000dbf3b938) thrown at [C:\re\workspace\8-2-build-windows-amd64-cygwin\jdk8u191\11896\hotspot\src\share\vm\runtime\sharedRuntime.cpp, line 605]
Event: 6.449 Thread 0x0000000002b72000 Exception <a 'java/lang/ArrayIndexOutOfBoundsException'> (0x00000000dbf3bd58) thrown at [C:\re\workspace\8-2-build-windows-amd64-cygwin\jdk8u191\11896\hotspot\src\share\vm\runtime\sharedRuntime.cpp, line 605]
Event: 6.450 Thread 0x0000000002b72000 Exception <a 'java/lang/ArrayIndexOutOfBoundsException': 7> (0x00000000dbf3c178) thrown at [C:\re\workspace\8-2-build-windows-amd64-cygwin\jdk8u191\11896\hotspot\src\share\vm\interpreter\interpreterRuntime.cpp, line 366]
Event: 6.450 Thread 0x0000000002b72000 Exception <a 'java/lang/ArrayIndexOutOfBoundsException'> (0x00000000dbf3f318) thrown at [C:\re\workspace\8-2-build-windows-amd64-cygwin\jdk8u191\11896\hotspot\src\share\vm\runtime\sharedRuntime.cpp, line 605]
Event: 6.450 Thread 0x0000000002b72000 Exception <a 'java/lang/ArrayIndexOutOfBoundsException'> (0x00000000dbf3f738) thrown at [C:\re\workspace\8-2-build-windows-amd64-cygwin\jdk8u191\11896\hotspot\src\share\vm\runtime\sharedRuntime.cpp, line 605]
Event: 6.450 Thread 0x0000000002b72000 Exception <a 'java/lang/ArrayIndexOutOfBoundsException': 7> (0x00000000dbf3fb58) thrown at [C:\re\workspace\8-2-build-windows-amd64-cygwin\jdk8u191\11896\hotspot\src\share\vm\interpreter\interpreterRuntime.cpp, line 366]
Event: 6.471 Thread 0x0000000002b72000 Exception <a 'java/lang/IncompatibleClassChangeError': Found class java.lang.Object, but interface was expected> (0x00000000dc0cb510) thrown at [C:\re\workspace\8-2-build-windows-amd64-cygwin\jdk8u191\11896\hotspot\src\share\vm\interpreter\linkResolver.cp
Event: 6.472 Thread 0x0000000002b72000 Exception <a 'java/lang/IncompatibleClassChangeError': Found class java.lang.Object, but interface was expected> (0x00000000dc0d3e88) thrown at [C:\re\workspace\8-2-build-windows-amd64-cygwin\jdk8u191\11896\hotspot\src\share\vm\interpreter\linkResolver.cp
Event: 6.503 Thread 0x0000000002b72000 Exception <a 'java/net/SocketTimeoutException': Read timed out> (0x00000000dc24e040) thrown at [C:\re\workspace\8-2-build-windows-amd64-cygwin\jdk8u191\11896\hotspot\src\share\vm\prims\jni.cpp, line 735]

Events (10 events):
Event: 6.482 loading class com/codeborne/selenide/logevents/LogEvent
Event: 6.482 loading class com/codeborne/selenide/logevents/LogEvent done
Event: 6.483 loading class com/codeborne/selenide/impl/DurationFormat
Event: 6.483 loading class com/codeborne/selenide/impl/DurationFormat done
Event: 6.484 loading class com/codeborne/selenide/logevents/SelenideLog
Event: 6.484 loading class com/codeborne/selenide/logevents/SelenideLog done
Event: 6.485 loading class com/codeborne/selenide/logevents/LogEvent$EventStatus
Event: 6.485 loading class com/codeborne/selenide/logevents/LogEvent$EventStatus done
Event: 6.495 loading class org/openqa/selenium/remote/RemoteWebDriver$RemoteNavigation
Event: 6.495 loading class org/openqa/selenium/remote/RemoteWebDriver$RemoteNavigation done


Dynamic libraries:
0x00007ff7a8900000 - 0x00007ff7a8937000 	C:\Program Files\Java\jdk1.8.0_191\bin\java.exe
0x00007ffc74fb0000 - 0x00007ffc751a5000 	C:\WINDOWS\SYSTEM32\ntdll.dll
0x00007ffc748e0000 - 0x00007ffc7499d000 	C:\WINDOWS\System32\KERNEL32.DLL
0x00007ffc72910000 - 0x00007ffc72bd9000 	C:\WINDOWS\System32\KERNELBASE.dll
0x00007ffc749a0000 - 0x00007ffc74a4c000 	C:\WINDOWS\System32\ADVAPI32.dll
0x00007ffc747e0000 - 0x00007ffc7487e000 	C:\WINDOWS\System32\msvcrt.dll
0x00007ffc74e50000 - 0x00007ffc74eeb000 	C:\WINDOWS\System32\sechost.dll
0x00007ffc73f50000 - 0x00007ffc7407a000 	C:\WINDOWS\System32\RPCRT4.dll
0x00007ffc73020000 - 0x00007ffc731c0000 	C:\WINDOWS\System32\USER32.dll
0x00007ffc72e90000 - 0x00007ffc72eb2000 	C:\WINDOWS\System32\win32u.dll
0x00007ffc73e00000 - 0x00007ffc73e2a000 	C:\WINDOWS\System32\GDI32.dll
0x00007ffc72750000 - 0x00007ffc7285b000 	C:\WINDOWS\System32\gdi32full.dll
0x00007ffc72ec0000 - 0x00007ffc72f5d000 	C:\WINDOWS\System32\msvcp_win.dll
0x00007ffc72be0000 - 0x00007ffc72ce0000 	C:\WINDOWS\System32\ucrtbase.dll
0x00007ffc51cd0000 - 0x00007ffc51f6a000 	C:\WINDOWS\WinSxS\amd64_microsoft.windows.common-controls_6595b64144ccf1df_6.0.19041.1083_none_60bbe31371f34e71\COMCTL32.dll
0x00007ffc748b0000 - 0x00007ffc748e0000 	C:\WINDOWS\System32\IMM32.DLL
0x00000000646a0000 - 0x0000000064772000 	C:\Program Files\Java\jdk1.8.0_191\jre\bin\msvcr100.dll
0x0000000063df0000 - 0x0000000064694000 	C:\Program Files\Java\jdk1.8.0_191\jre\bin\server\jvm.dll
0x00007ffc747d0000 - 0x00007ffc747d8000 	C:\WINDOWS\System32\PSAPI.DLL
0x00007ffc6c560000 - 0x00007ffc6c56a000 	C:\WINDOWS\SYSTEM32\VERSION.dll
0x00007ffc679d0000 - 0x00007ffc679f7000 	C:\WINDOWS\SYSTEM32\WINMM.dll
0x00007ffc64330000 - 0x00007ffc64339000 	C:\WINDOWS\SYSTEM32\WSOCK32.dll
0x00007ffc74b80000 - 0x00007ffc74beb000 	C:\WINDOWS\System32\WS2_32.dll
0x0000000063de0000 - 0x0000000063def000 	C:\Program Files\Java\jdk1.8.0_191\jre\bin\verify.dll
0x0000000063db0000 - 0x0000000063dd9000 	C:\Program Files\Java\jdk1.8.0_191\jre\bin\java.dll
0x0000000063d20000 - 0x0000000063d43000 	C:\Program Files\Java\jdk1.8.0_191\jre\bin\instrument.dll
0x0000000063d90000 - 0x0000000063da6000 	C:\Program Files\Java\jdk1.8.0_191\jre\bin\zip.dll
0x00007ffc73220000 - 0x00007ffc7395f000 	C:\WINDOWS\System32\SHELL32.dll
0x00007ffc70840000 - 0x00007ffc70fd1000 	C:\WINDOWS\SYSTEM32\windows.storage.dll
0x00007ffc739f0000 - 0x00007ffc73d45000 	C:\WINDOWS\System32\combase.dll
0x00007ffc72080000 - 0x00007ffc720ac000 	C:\WINDOWS\SYSTEM32\Wldp.dll
0x00007ffc73ea0000 - 0x00007ffc73f4e000 	C:\WINDOWS\System32\SHCORE.dll
0x00007ffc74300000 - 0x00007ffc74355000 	C:\WINDOWS\System32\shlwapi.dll
0x00007ffc72630000 - 0x00007ffc7264f000 	C:\WINDOWS\SYSTEM32\profapi.dll
0x00007ffc67130000 - 0x00007ffc6714a000 	C:\Program Files\JetBrains\IntelliJ IDEA Community Edition 2021.1.2\bin\breakgen64.dll
0x0000000063d70000 - 0x0000000063d8a000 	C:\Program Files\Java\jdk1.8.0_191\jre\bin\net.dll
0x00007ffc71df0000 - 0x00007ffc71e5a000 	C:\WINDOWS\system32\mswsock.dll
0x00007ffc71fd0000 - 0x00007ffc71fe8000 	C:\WINDOWS\SYSTEM32\CRYPTSP.dll
0x00007ffc71790000 - 0x00007ffc717c4000 	C:\WINDOWS\system32\rsaenh.dll
0x00007ffc72f60000 - 0x00007ffc72f87000 	C:\WINDOWS\System32\bcrypt.dll
0x00007ffc725f0000 - 0x00007ffc7261e000 	C:\WINDOWS\SYSTEM32\USERENV.dll
0x00007ffc72f90000 - 0x00007ffc73013000 	C:\WINDOWS\System32\bcryptprimitives.dll
0x00007ffc72420000 - 0x00007ffc7242c000 	C:\WINDOWS\SYSTEM32\CRYPTBASE.dll
0x00007ffc71ae0000 - 0x00007ffc71b1b000 	C:\WINDOWS\SYSTEM32\IPHLPAPI.DLL
0x00007ffc748a0000 - 0x00007ffc748a8000 	C:\WINDOWS\System32\NSI.dll
0x00007ffc6c870000 - 0x00007ffc6c887000 	C:\WINDOWS\SYSTEM32\dhcpcsvc6.DLL
0x00007ffc6c850000 - 0x00007ffc6c86d000 	C:\WINDOWS\SYSTEM32\dhcpcsvc.DLL
0x00007ffc71b20000 - 0x00007ffc71bec000 	C:\WINDOWS\SYSTEM32\DNSAPI.dll
0x0000000063d50000 - 0x0000000063d61000 	C:\Program Files\Java\jdk1.8.0_191\jre\bin\nio.dll
0x00007ffc684e0000 - 0x00007ffc684ea000 	C:\Windows\System32\rasadhlp.dll
0x00007ffc67d40000 - 0x00007ffc67dbf000 	C:\WINDOWS\System32\fwpuclnt.dll
0x0000000063c40000 - 0x0000000063c64000 	C:\Program Files\Java\jdk1.8.0_191\jre\bin\sunec.dll
0x0000000063c30000 - 0x0000000063c3b000 	C:\Program Files\Java\jdk1.8.0_191\jre\bin\sunmscapi.dll
0x00007ffc72d30000 - 0x00007ffc72e8f000 	C:\WINDOWS\System32\CRYPT32.dll

VM Arguments:
jvm_args: -ea -Dallure.results.directory=target/allure-results -javaagent:C:\Users\BlasteR\.m2\repository/org/aspectj/aspectjweaver/1.8.10/aspectjweaver-1.8.10.jar -Didea.test.cyclic.buffer.size=1048576 -javaagent:C:\Program Files\JetBrains\IntelliJ IDEA Community Edition 2021.1.2\lib\idea_rt.jar=51782:C:\Program Files\JetBrains\IntelliJ IDEA Community Edition 2021.1.2\bin -Dfile.encoding=UTF-8 
java_command: com.intellij.rt.testng.RemoteTestNGStarter -usedefaultlisteners false -socket51781 @w@C:\Users\BlasteR\AppData\Local\Temp\idea_working_dirs_testng.tmp -temp C:\Users\BlasteR\AppData\Local\Temp\idea_testng.tmp
java_class_path (initial): C:\Program Files\JetBrains\IntelliJ IDEA Community Edition 2021.1.2\lib\idea_rt.jar;C:\Program Files\JetBrains\IntelliJ IDEA Community Edition 2021.1.2\plugins\testng\lib\testng-rt.jar;C:\Program Files\Java\jdk1.8.0_191\jre\lib\charsets.jar;C:\Program Files\Java\jdk1.8.0_191\jre\lib\deploy.jar;C:\Program Files\Java\jdk1.8.0_191\jre\lib\ext\access-bridge-64.jar;C:\Program Files\Java\jdk1.8.0_191\jre\lib\ext\cldrdata.jar;C:\Program Files\Java\jdk1.8.0_191\jre\lib\ext\dnsns.jar;C:\Program Files\Java\jdk1.8.0_191\jre\lib\ext\jaccess.jar;C:\Program Files\Java\jdk1.8.0_191\jre\lib\ext\jfxrt.jar;C:\Program Files\Java\jdk1.8.0_191\jre\lib\ext\localedata.jar;C:\Program Files\Java\jdk1.8.0_191\jre\lib\ext\nashorn.jar;C:\Program Files\Java\jdk1.8.0_191\jre\lib\ext\sunec.jar;C:\Program Files\Java\jdk1.8.0_191\jre\lib\ext\sunjce_provider.jar;C:\Program Files\Java\jdk1.8.0_191\jre\lib\ext\sunmscapi.jar;C:\Program Files\Java\jdk1.8.0_191\jre\lib\ext\sunpkcs11.jar;C:\Program Files\Java\jdk1.8.0_191\jre\lib\ext\zipfs.jar;C:\Program Files\Java\jdk1.8.0_191\jre\lib\javaws.jar;C:\Program Files\Java\jdk1.8.0_191\jre\lib\jce.jar;C:\Program Files\Java\jdk1.8.0_191\jre\lib\jfr.jar;C:\Program Files\Java\jdk1.8.0_191\jre\lib\jfxswt.jar;C:\Program Files\Java\jdk1.8.0_191\jre\lib\jsse.jar;C:\Program Files\Java\jdk1.8.0_191\jre\lib\management-agent.jar;C:\Program Files\Java\jdk1.8.0_191\jre\lib\plugin.jar;C:\Program Files\Java\jdk1.8.0_191\jre\lib\resources.jar;C:\Program Files\Java\jdk1.8.0_191\jre\lib\rt.jar;H:\New_test 2021\CoinSelenide\target\test-classes;C:\Users\BlasteR\.m2\repository\org\testng\testng\7.4.0\testng-7.4.0.jar;C:\Users\BlasteR\.m2\repository\com\beust\jcommander\1.78\jcommander-1.78.jar;C:\Users\BlasteR\.m2\repository\org\webjars\jquery\3.5.1\jquery-3.5.1.jar;C:\Users\BlasteR\.m2\repository\com\codeborne\selenide\5.22.0\selenide-5.22.0.jar;C:\Users\BlasteR\.m2\repository\org\seleniumhq\selenium\selenium-java\3.141.59\selenium-java-3.141.59.jar;C
Launcher Type: SUN_STANDARD

Environment Variables:
JAVA_HOME=c:\Program Files\Java\jdk1.8.0_191
PATH=C:\app\BlasteR\product\18.0.0\dbhomeXE\bin;C:\Program Files (x86)\Common Files\Oracle\Java\javapath;C:\Windows\system32;C:\Windows;C:\Windows\System32\Wbem;C:\Windows\System32\WindowsPowerShell\v1.0\;C:\Windows\System32\OpenSSH\;C:\Program Files (x86)\NVIDIA Corporation\PhysX\Common;C:\Users\BlasteR\AppData\Local\Microsoft\WindowsApps;C:\Users\BlasteR\AppData\Local\GitHubDesktop\bin;C:\Program Files\Git\cmd;c:\Program Files\Java\jdk1.8.0_191\bin;C:\tolls\apache-maven-3.8.1\bin;C:\WINDOWS\system32;C:\WINDOWS;C:\WINDOWS\System32\Wbem;C:\WINDOWS\System32\WindowsPowerShell\v1.0\;C:\WINDOWS\System32\OpenSSH\;C:\Program Files\nodejs\;C:\Program Files\NVIDIA Corporation\NVIDIA NvDLISR;C:\WINDOWS\system32;C:\WINDOWS;C:\WINDOWS\System32\Wbem;C:\WINDOWS\System32\WindowsPowerShell\v1.0\;C:\WINDOWS\System32\OpenSSH\;C:\Program Files\MySQL\MySQL Shell 8.0\bin\;C:\Program Files (x86)\Common Files\Oracle\Java\javapath;C:\Windows\system32;C:\Windows;C:\Windows\System32\Wbem;C:\Windows\System32\WindowsPowerShell\v1.0\;C:\Windows\System32\OpenSSH\;C:\Program Files (x86)\NVIDIA Corporation\PhysX\Common;C:\Users\BlasteR\AppData\Local\Microsoft\WindowsApps;C:\Users\BlasteR\AppData\Local\GitHubDesktop\bin;C:\Program Files\Git\cmd;;C:\Program Files\JetBrains\IntelliJ IDEA Community Edition 2020.1.1\bin;;C:\Users\BlasteR\AppData\Local\Microsoft\WindowsApps;C:\Users\BlasteR\AppData\Roaming\npm
USERNAME=BlasteR
OS=Windows_NT
PROCESSOR_IDENTIFIER=AMD64 Family 21 Model 2 Stepping 0, AuthenticAMD



---------------  S Y S T E M  ---------------

OS: Windows 10.0 , 64 bit Build 19041 (10.0.19041.1023)

CPU:total 8 (initial active 8) (8 cores per cpu, 1 threads per core) family 21 model 2 stepping 0, cmov, cx8, fxsr, mmx, sse, sse2, sse3, ssse3, sse4.1, sse4.2, popcnt, avx, aes, clmul, mmxext, 3dnowpref, lzcnt, sse4a, tsc, tscinvbit, tscinv, bmi1

Memory: 4k page, physical 8286376k(474020k free), swap 20574376k(5684k free)

vm_info: Java HotSpot(TM) 64-Bit Server VM (25.191-b12) for windows-amd64 JRE (1.8.0_191-b12), built on Oct  6 2018 09:29:03 by "java_re" with MS VC++ 10.0 (VS2010)

time: Wed Jul 14 21:04:54 2021
elapsed time: 6 seconds (0d 0h 0m 6s)

